{"C:\\Users\\NISHAD\\OneDrive\\Desktop\\CampusOs\\server\\app.js": {"path":"C:\\Users\\NISHAD\\OneDrive\\Desktop\\CampusOs\\server\\app.js","statementMap":{"0":{"start":{"line":1,"column":16},"end":{"line":1,"column":34}},"1":{"start":{"line":2,"column":13},"end":{"line":2,"column":28}},"2":{"start":{"line":3,"column":15},"end":{"line":3,"column":32}},"3":{"start":{"line":4,"column":15},"end":{"line":4,"column":32}},"4":{"start":{"line":5,"column":18},"end":{"line":5,"column":47}},"5":{"start":{"line":6,"column":13},"end":{"line":6,"column":28}},"6":{"start":{"line":8,"column":12},"end":{"line":8,"column":35}},"7":{"start":{"line":9,"column":42},"end":{"line":9,"column":78}},"8":{"start":{"line":10,"column":15},"end":{"line":10,"column":40}},"9":{"start":{"line":13,"column":19},"end":{"line":13,"column":49}},"10":{"start":{"line":14,"column":19},"end":{"line":14,"column":49}},"11":{"start":{"line":15,"column":23},"end":{"line":15,"column":57}},"12":{"start":{"line":16,"column":17},"end":{"line":16,"column":45}},"13":{"start":{"line":17,"column":24},"end":{"line":17,"column":59}},"14":{"start":{"line":18,"column":20},"end":{"line":18,"column":51}},"15":{"start":{"line":20,"column":12},"end":{"line":20,"column":21}},"16":{"start":{"line":26,"column":0},"end":{"line":26,"column":26}},"17":{"start":{"line":32,"column":0},"end":{"line":34,"column":4}},"18":{"start":{"line":36,"column":23},"end":{"line":40,"column":1}},"19":{"start":{"line":42,"column":0},"end":{"line":53,"column":4}},"20":{"start":{"line":44,"column":4},"end":{"line":48,"column":5}},"21":{"start":{"line":45,"column":6},"end":{"line":45,"column":27}},"22":{"start":{"line":47,"column":6},"end":{"line":47,"column":49}},"23":{"start":{"line":56,"column":19},"end":{"line":65,"column":2}},"24":{"start":{"line":66,"column":0},"end":{"line":66,"column":29}},"25":{"start":{"line":69,"column":20},"end":{"line":78,"column":2}},"26":{"start":{"line":84,"column":0},"end":{"line":84,"column":41}},"27":{"start":{"line":85,"column":0},"end":{"line":85,"column":63}},"28":{"start":{"line":87,"column":0},"end":{"line":95,"column":1}},"29":{"start":{"line":88,"column":2},"end":{"line":88,"column":25}},"30":{"start":{"line":90,"column":2},"end":{"line":94,"column":4}},"31":{"start":{"line":92,"column":36},"end":{"line":92,"column":63}},"32":{"start":{"line":101,"column":0},"end":{"line":101,"column":69}},"33":{"start":{"line":107,"column":0},"end":{"line":107,"column":46}},"34":{"start":{"line":108,"column":0},"end":{"line":108,"column":34}},"35":{"start":{"line":109,"column":0},"end":{"line":109,"column":42}},"36":{"start":{"line":110,"column":0},"end":{"line":110,"column":29}},"37":{"start":{"line":111,"column":0},"end":{"line":111,"column":43}},"38":{"start":{"line":112,"column":0},"end":{"line":112,"column":35}},"39":{"start":{"line":118,"column":0},"end":{"line":123,"column":3}},"40":{"start":{"line":119,"column":2},"end":{"line":122,"column":5}},"41":{"start":{"line":125,"column":0},"end":{"line":135,"column":3}},"42":{"start":{"line":126,"column":2},"end":{"line":134,"column":5}},"43":{"start":{"line":141,"column":0},"end":{"line":141,"column":25}},"44":{"start":{"line":142,"column":0},"end":{"line":142,"column":22}},"45":{"start":{"line":144,"column":0},"end":{"line":144,"column":21}}},"fnMap":{"0":{"name":"(anonymous_0)","decl":{"start":{"line":43,"column":10},"end":{"line":43,"column":11}},"loc":{"start":{"line":43,"column":38},"end":{"line":49,"column":3}},"line":43},"1":{"name":"(anonymous_1)","decl":{"start":{"line":92,"column":23},"end":{"line":92,"column":24}},"loc":{"start":{"line":92,"column":36},"end":{"line":92,"column":63}},"line":92},"2":{"name":"(anonymous_2)","decl":{"start":{"line":118,"column":13},"end":{"line":118,"column":14}},"loc":{"start":{"line":118,"column":27},"end":{"line":123,"column":1}},"line":118},"3":{"name":"(anonymous_3)","decl":{"start":{"line":125,"column":23},"end":{"line":125,"column":24}},"loc":{"start":{"line":125,"column":37},"end":{"line":135,"column":1}},"line":125}},"branchMap":{"0":{"loc":{"start":{"line":44,"column":4},"end":{"line":48,"column":5}},"type":"if","locations":[{"start":{"line":44,"column":4},"end":{"line":48,"column":5}},{"start":{"line":46,"column":11},"end":{"line":48,"column":5}}],"line":44},"1":{"loc":{"start":{"line":44,"column":8},"end":{"line":44,"column":50}},"type":"binary-expr","locations":[{"start":{"line":44,"column":8},"end":{"line":44,"column":15}},{"start":{"line":44,"column":19},"end":{"line":44,"column":50}}],"line":44},"2":{"loc":{"start":{"line":87,"column":0},"end":{"line":95,"column":1}},"type":"if","locations":[{"start":{"line":87,"column":0},"end":{"line":95,"column":1}},{"start":{"line":89,"column":7},"end":{"line":95,"column":1}}],"line":87}},"s":{"0":2,"1":2,"2":2,"3":2,"4":2,"5":2,"6":2,"7":2,"8":2,"9":2,"10":2,"11":2,"12":2,"13":2,"14":2,"15":2,"16":2,"17":2,"18":2,"19":2,"20":8,"21":8,"22":0,"23":2,"24":2,"25":2,"26":2,"27":2,"28":2,"29":0,"30":2,"31":8,"32":2,"33":2,"34":2,"35":2,"36":2,"37":2,"38":2,"39":2,"40":0,"41":2,"42":0,"43":2,"44":2,"45":2},"f":{"0":8,"1":8,"2":0,"3":0},"b":{"0":[8,0],"1":[8,0],"2":[0,2]},"_coverageSchema":"1a1c01bbd47fc00a2c39e90264f33305004495a9","hash":"92b56226fd98a7979632af85a22634bd4f9f4382"}
,"C:\\Users\\NISHAD\\OneDrive\\Desktop\\CampusOs\\server\\config\\env.js": {"path":"C:\\Users\\NISHAD\\OneDrive\\Desktop\\CampusOs\\server\\config\\env.js","statementMap":{"0":{"start":{"line":1,"column":15},"end":{"line":1,"column":32}},"1":{"start":{"line":2,"column":13},"end":{"line":2,"column":28}},"2":{"start":{"line":5,"column":0},"end":{"line":5,"column":60}},"3":{"start":{"line":7,"column":12},"end":{"line":64,"column":1}},"4":{"start":{"line":67,"column":21},"end":{"line":67,"column":72}},"5":{"start":{"line":68,"column":16},"end":{"line":68,"column":55}},"6":{"start":{"line":68,"column":45},"end":{"line":68,"column":54}},"7":{"start":{"line":70,"column":0},"end":{"line":73,"column":1}},"8":{"start":{"line":71,"column":2},"end":{"line":71,"column":83}},"9":{"start":{"line":72,"column":2},"end":{"line":72,"column":18}},"10":{"start":{"line":75,"column":0},"end":{"line":75,"column":21}}},"fnMap":{"0":{"name":"(anonymous_0)","decl":{"start":{"line":68,"column":36},"end":{"line":68,"column":37}},"loc":{"start":{"line":68,"column":45},"end":{"line":68,"column":54}},"line":68}},"branchMap":{"0":{"loc":{"start":{"line":9,"column":8},"end":{"line":9,"column":32}},"type":"binary-expr","locations":[{"start":{"line":9,"column":8},"end":{"line":9,"column":24}},{"start":{"line":9,"column":28},"end":{"line":9,"column":32}}],"line":9},"1":{"loc":{"start":{"line":10,"column":12},"end":{"line":10,"column":49}},"type":"binary-expr","locations":[{"start":{"line":10,"column":12},"end":{"line":10,"column":32}},{"start":{"line":10,"column":36},"end":{"line":10,"column":49}}],"line":10},"2":{"loc":{"start":{"line":13,"column":15},"end":{"line":13,"column":131}},"type":"binary-expr","locations":[{"start":{"line":13,"column":15},"end":{"line":13,"column":38}},{"start":{"line":13,"column":43},"end":{"line":13,"column":130}}],"line":13},"3":{"loc":{"start":{"line":13,"column":43},"end":{"line":13,"column":130}},"type":"cond-expr","locations":[{"start":{"line":13,"column":77},"end":{"line":13,"column":118}},{"start":{"line":13,"column":121},"end":{"line":13,"column":130}}],"line":13},"4":{"loc":{"start":{"line":14,"column":13},"end":{"line":14,"column":62}},"type":"binary-expr","locations":[{"start":{"line":14,"column":13},"end":{"line":14,"column":34}},{"start":{"line":14,"column":38},"end":{"line":14,"column":62}}],"line":14},"5":{"loc":{"start":{"line":17,"column":14},"end":{"line":17,"column":105}},"type":"binary-expr","locations":[{"start":{"line":17,"column":14},"end":{"line":17,"column":36}},{"start":{"line":17,"column":41},"end":{"line":17,"column":104}}],"line":17},"6":{"loc":{"start":{"line":17,"column":41},"end":{"line":17,"column":104}},"type":"cond-expr","locations":[{"start":{"line":17,"column":75},"end":{"line":17,"column":92}},{"start":{"line":17,"column":95},"end":{"line":17,"column":104}}],"line":17},"7":{"loc":{"start":{"line":18,"column":22},"end":{"line":18,"column":161}},"type":"binary-expr","locations":[{"start":{"line":18,"column":22},"end":{"line":18,"column":52}},{"start":{"line":18,"column":56},"end":{"line":18,"column":88}},{"start":{"line":18,"column":93},"end":{"line":18,"column":160}}],"line":18},"8":{"loc":{"start":{"line":18,"column":93},"end":{"line":18,"column":160}},"type":"cond-expr","locations":[{"start":{"line":18,"column":127},"end":{"line":18,"column":148}},{"start":{"line":18,"column":151},"end":{"line":18,"column":160}}],"line":18},"9":{"loc":{"start":{"line":19,"column":14},"end":{"line":19,"column":45}},"type":"binary-expr","locations":[{"start":{"line":19,"column":14},"end":{"line":19,"column":36}},{"start":{"line":19,"column":40},"end":{"line":19,"column":45}}],"line":19},"10":{"loc":{"start":{"line":20,"column":23},"end":{"line":20,"column":63}},"type":"binary-expr","locations":[{"start":{"line":20,"column":23},"end":{"line":20,"column":54}},{"start":{"line":20,"column":58},"end":{"line":20,"column":63}}],"line":20},"11":{"loc":{"start":{"line":23,"column":14},"end":{"line":23,"column":63}},"type":"binary-expr","locations":[{"start":{"line":23,"column":14},"end":{"line":23,"column":36}},{"start":{"line":23,"column":40},"end":{"line":23,"column":63}}],"line":23},"12":{"loc":{"start":{"line":28,"column":23},"end":{"line":28,"column":88}},"type":"binary-expr","locations":[{"start":{"line":28,"column":23},"end":{"line":28,"column":54}},{"start":{"line":28,"column":58},"end":{"line":28,"column":88}}],"line":28},"13":{"loc":{"start":{"line":29,"column":27},"end":{"line":29,"column":88}},"type":"binary-expr","locations":[{"start":{"line":29,"column":27},"end":{"line":29,"column":62}},{"start":{"line":29,"column":66},"end":{"line":29,"column":88}}],"line":29},"14":{"loc":{"start":{"line":33,"column":21},"end":{"line":33,"column":79}},"type":"binary-expr","locations":[{"start":{"line":33,"column":21},"end":{"line":33,"column":50}},{"start":{"line":33,"column":54},"end":{"line":33,"column":79}}],"line":33},"15":{"loc":{"start":{"line":34,"column":17},"end":{"line":34,"column":69}},"type":"binary-expr","locations":[{"start":{"line":34,"column":17},"end":{"line":34,"column":42}},{"start":{"line":34,"column":46},"end":{"line":34,"column":69}}],"line":34},"16":{"loc":{"start":{"line":40,"column":20},"end":{"line":40,"column":68}},"type":"binary-expr","locations":[{"start":{"line":40,"column":20},"end":{"line":40,"column":62}},{"start":{"line":40,"column":66},"end":{"line":40,"column":68}}],"line":40},"17":{"loc":{"start":{"line":41,"column":22},"end":{"line":41,"column":72}},"type":"binary-expr","locations":[{"start":{"line":41,"column":22},"end":{"line":41,"column":66}},{"start":{"line":41,"column":70},"end":{"line":41,"column":72}}],"line":41},"18":{"loc":{"start":{"line":42,"column":20},"end":{"line":42,"column":68}},"type":"binary-expr","locations":[{"start":{"line":42,"column":20},"end":{"line":42,"column":62}},{"start":{"line":42,"column":66},"end":{"line":42,"column":68}}],"line":42},"19":{"loc":{"start":{"line":70,"column":0},"end":{"line":73,"column":1}},"type":"if","locations":[{"start":{"line":70,"column":0},"end":{"line":73,"column":1}},{"start":{},"end":{}}],"line":70}},"s":{"0":2,"1":2,"2":2,"3":2,"4":2,"5":2,"6":6,"7":2,"8":0,"9":0,"10":2},"f":{"0":6},"b":{"0":[2,0],"1":[2,0],"2":[2,0],"3":[0,0],"4":[2,2],"5":[2,0],"6":[0,0],"7":[2,0,0],"8":[0,0],"9":[2,0],"10":[2,0],"11":[2,0],"12":[2,0],"13":[2,0],"14":[2,0],"15":[2,0],"16":[2,0],"17":[2,0],"18":[2,0],"19":[0,2]},"_coverageSchema":"1a1c01bbd47fc00a2c39e90264f33305004495a9","hash":"96f918adedd1c184f47ad085b85688391b0d65f1"}
,"C:\\Users\\NISHAD\\OneDrive\\Desktop\\CampusOs\\server\\config\\multer.js": {"path":"C:\\Users\\NISHAD\\OneDrive\\Desktop\\CampusOs\\server\\config\\multer.js","statementMap":{"0":{"start":{"line":1,"column":15},"end":{"line":1,"column":32}},"1":{"start":{"line":2,"column":11},"end":{"line":2,"column":24}},"2":{"start":{"line":3,"column":13},"end":{"line":3,"column":28}},"3":{"start":{"line":4,"column":35},"end":{"line":4,"column":62}},"4":{"start":{"line":6,"column":18},"end":{"line":6,"column":52}},"5":{"start":{"line":7,"column":13},"end":{"line":7,"column":65}},"6":{"start":{"line":9,"column":0},"end":{"line":14,"column":3}},"7":{"start":{"line":10,"column":19},"end":{"line":10,"column":44}},"8":{"start":{"line":11,"column":2},"end":{"line":13,"column":3}},"9":{"start":{"line":12,"column":4},"end":{"line":12,"column":48}},"10":{"start":{"line":16,"column":16},"end":{"line":29,"column":2}},"11":{"start":{"line":18,"column":15},"end":{"line":18,"column":48}},"12":{"start":{"line":19,"column":4},"end":{"line":21,"column":5}},"13":{"start":{"line":20,"column":6},"end":{"line":20,"column":53}},"14":{"start":{"line":22,"column":4},"end":{"line":22,"column":19}},"15":{"start":{"line":25,"column":19},"end":{"line":25,"column":63}},"16":{"start":{"line":26,"column":21},"end":{"line":26,"column":70}},"17":{"start":{"line":27,"column":4},"end":{"line":27,"column":23}},"18":{"start":{"line":31,"column":19},"end":{"line":47,"column":1}},"19":{"start":{"line":32,"column":27},"end":{"line":37,"column":3}},"20":{"start":{"line":38,"column":28},"end":{"line":38,"column":62}},"21":{"start":{"line":40,"column":14},"end":{"line":40,"column":59}},"22":{"start":{"line":42,"column":2},"end":{"line":46,"column":3}},"23":{"start":{"line":43,"column":4},"end":{"line":43,"column":19}},"24":{"start":{"line":45,"column":4},"end":{"line":45,"column":90}},"25":{"start":{"line":49,"column":15},"end":{"line":53,"column":2}},"26":{"start":{"line":55,"column":19},"end":{"line":55,"column":40}},"27":{"start":{"line":57,"column":0},"end":{"line":61,"column":2}}},"fnMap":{"0":{"name":"(anonymous_0)","decl":{"start":{"line":9,"column":13},"end":{"line":9,"column":14}},"loc":{"start":{"line":9,"column":20},"end":{"line":14,"column":1}},"line":9},"1":{"name":"(anonymous_1)","decl":{"start":{"line":17,"column":15},"end":{"line":17,"column":16}},"loc":{"start":{"line":17,"column":40},"end":{"line":23,"column":3}},"line":17},"2":{"name":"(anonymous_2)","decl":{"start":{"line":24,"column":12},"end":{"line":24,"column":13}},"loc":{"start":{"line":24,"column":37},"end":{"line":28,"column":3}},"line":24},"3":{"name":"(anonymous_3)","decl":{"start":{"line":31,"column":19},"end":{"line":31,"column":20}},"loc":{"start":{"line":31,"column":38},"end":{"line":47,"column":1}},"line":31}},"branchMap":{"0":{"loc":{"start":{"line":11,"column":2},"end":{"line":13,"column":3}},"type":"if","locations":[{"start":{"line":11,"column":2},"end":{"line":13,"column":3}},{"start":{},"end":{}}],"line":11},"1":{"loc":{"start":{"line":19,"column":4},"end":{"line":21,"column":5}},"type":"if","locations":[{"start":{"line":19,"column":4},"end":{"line":21,"column":5}},{"start":{},"end":{}}],"line":19},"2":{"loc":{"start":{"line":19,"column":8},"end":{"line":19,"column":61}},"type":"binary-expr","locations":[{"start":{"line":19,"column":8},"end":{"line":19,"column":25}},{"start":{"line":19,"column":29},"end":{"line":19,"column":61}}],"line":19},"3":{"loc":{"start":{"line":25,"column":19},"end":{"line":25,"column":63}},"type":"cond-expr","locations":[{"start":{"line":25,"column":30},"end":{"line":25,"column":53}},{"start":{"line":25,"column":56},"end":{"line":25,"column":63}}],"line":25},"4":{"loc":{"start":{"line":42,"column":2},"end":{"line":46,"column":3}},"type":"if","locations":[{"start":{"line":42,"column":2},"end":{"line":46,"column":3}},{"start":{"line":44,"column":9},"end":{"line":46,"column":3}}],"line":42},"5":{"loc":{"start":{"line":42,"column":6},"end":{"line":42,"column":81}},"type":"binary-expr","locations":[{"start":{"line":42,"column":6},"end":{"line":42,"column":46}},{"start":{"line":42,"column":50},"end":{"line":42,"column":81}}],"line":42}},"s":{"0":2,"1":2,"2":2,"3":2,"4":2,"5":2,"6":2,"7":8,"8":8,"9":0,"10":2,"11":0,"12":0,"13":0,"14":0,"15":0,"16":0,"17":0,"18":2,"19":0,"20":0,"21":0,"22":0,"23":0,"24":0,"25":2,"26":2,"27":2},"f":{"0":8,"1":0,"2":0,"3":0},"b":{"0":[0,8],"1":[0,0],"2":[0,0],"3":[0,0],"4":[0,0],"5":[0,0]},"_coverageSchema":"1a1c01bbd47fc00a2c39e90264f33305004495a9","hash":"17e349981d05f90a931aba0ec18b00f0bd0d931d"}
,"C:\\Users\\NISHAD\\OneDrive\\Desktop\\CampusOs\\server\\config\\redis.js": {"path":"C:\\Users\\NISHAD\\OneDrive\\Desktop\\CampusOs\\server\\config\\redis.js","statementMap":{"0":{"start":{"line":1,"column":14},"end":{"line":1,"column":32}},"1":{"start":{"line":2,"column":12},"end":{"line":2,"column":28}},"2":{"start":{"line":3,"column":15},"end":{"line":3,"column":41}},"3":{"start":{"line":5,"column":18},"end":{"line":5,"column":22}},"4":{"start":{"line":6,"column":23},"end":{"line":6,"column":28}},"5":{"start":{"line":8,"column":0},"end":{"line":42,"column":1}},"6":{"start":{"line":9,"column":2},"end":{"line":20,"column":5}},"7":{"start":{"line":12,"column":6},"end":{"line":15,"column":7}},"8":{"start":{"line":14,"column":8},"end":{"line":14,"column":20}},"9":{"start":{"line":16,"column":6},"end":{"line":16,"column":41}},"10":{"start":{"line":22,"column":2},"end":{"line":29,"column":5}},"11":{"start":{"line":23,"column":4},"end":{"line":23,"column":28}},"12":{"start":{"line":24,"column":4},"end":{"line":28,"column":5}},"13":{"start":{"line":25,"column":6},"end":{"line":25,"column":66}},"14":{"start":{"line":27,"column":6},"end":{"line":27,"column":66}},"15":{"start":{"line":31,"column":2},"end":{"line":34,"column":5}},"16":{"start":{"line":32,"column":4},"end":{"line":32,"column":29}},"17":{"start":{"line":36,"column":2},"end":{"line":38,"column":5}},"18":{"start":{"line":37,"column":4},"end":{"line":37,"column":29}},"19":{"start":{"line":40,"column":2},"end":{"line":40,"column":27}},"20":{"start":{"line":41,"column":2},"end":{"line":41,"column":77}},"21":{"start":{"line":44,"column":23},"end":{"line":44,"column":68}},"22":{"start":{"line":44,"column":30},"end":{"line":44,"column":67}},"23":{"start":{"line":45,"column":20},"end":{"line":45,"column":42}},"24":{"start":{"line":45,"column":26},"end":{"line":45,"column":42}},"25":{"start":{"line":47,"column":0},"end":{"line":51,"column":2}}},"fnMap":{"0":{"name":"(anonymous_0)","decl":{"start":{"line":11,"column":4},"end":{"line":11,"column":5}},"loc":{"start":{"line":11,"column":25},"end":{"line":17,"column":5}},"line":11},"1":{"name":"(anonymous_1)","decl":{"start":{"line":22,"column":28},"end":{"line":22,"column":29}},"loc":{"start":{"line":22,"column":34},"end":{"line":29,"column":3}},"line":22},"2":{"name":"(anonymous_2)","decl":{"start":{"line":31,"column":26},"end":{"line":31,"column":27}},"loc":{"start":{"line":31,"column":35},"end":{"line":34,"column":3}},"line":31},"3":{"name":"(anonymous_3)","decl":{"start":{"line":36,"column":26},"end":{"line":36,"column":27}},"loc":{"start":{"line":36,"column":32},"end":{"line":38,"column":3}},"line":36},"4":{"name":"(anonymous_4)","decl":{"start":{"line":44,"column":23},"end":{"line":44,"column":24}},"loc":{"start":{"line":44,"column":30},"end":{"line":44,"column":67}},"line":44},"5":{"name":"(anonymous_5)","decl":{"start":{"line":45,"column":20},"end":{"line":45,"column":21}},"loc":{"start":{"line":45,"column":26},"end":{"line":45,"column":42}},"line":45}},"branchMap":{"0":{"loc":{"start":{"line":12,"column":6},"end":{"line":15,"column":7}},"type":"if","locations":[{"start":{"line":12,"column":6},"end":{"line":15,"column":7}},{"start":{},"end":{}}],"line":12},"1":{"loc":{"start":{"line":24,"column":4},"end":{"line":28,"column":5}},"type":"if","locations":[{"start":{"line":24,"column":4},"end":{"line":28,"column":5}},{"start":{"line":26,"column":11},"end":{"line":28,"column":5}}],"line":24},"2":{"loc":{"start":{"line":24,"column":8},"end":{"line":24,"column":29}},"type":"binary-expr","locations":[{"start":{"line":24,"column":8},"end":{"line":24,"column":14}},{"start":{"line":24,"column":18},"end":{"line":24,"column":29}}],"line":24},"3":{"loc":{"start":{"line":44,"column":30},"end":{"line":44,"column":67}},"type":"cond-expr","locations":[{"start":{"line":44,"column":49},"end":{"line":44,"column":60}},{"start":{"line":44,"column":63},"end":{"line":44,"column":67}}],"line":44}},"s":{"0":2,"1":2,"2":2,"3":2,"4":2,"5":2,"6":2,"7":6,"8":1,"9":5,"10":2,"11":0,"12":0,"13":0,"14":0,"15":2,"16":6,"17":2,"18":6,"19":0,"20":0,"21":2,"22":4,"23":2,"24":0,"25":2},"f":{"0":6,"1":0,"2":6,"3":6,"4":4,"5":0},"b":{"0":[1,5],"1":[0,0],"2":[0,0],"3":[0,4]},"_coverageSchema":"1a1c01bbd47fc00a2c39e90264f33305004495a9","hash":"604c6e087eca2aa3dccd32a405c661ba7ce68c9c"}
,"C:\\Users\\NISHAD\\OneDrive\\Desktop\\CampusOs\\server\\controllers\\adminController.js": {"path":"C:\\Users\\NISHAD\\OneDrive\\Desktop\\CampusOs\\server\\controllers\\adminController.js","statementMap":{"0":{"start":{"line":1,"column":17},"end":{"line":1,"column":46}},"1":{"start":{"line":2,"column":13},"end":{"line":2,"column":38}},"2":{"start":{"line":3,"column":28},"end":{"line":3,"column":70}},"3":{"start":{"line":4,"column":35},"end":{"line":4,"column":63}},"4":{"start":{"line":8,"column":4},"end":{"line":30,"column":5}},"5":{"start":{"line":9,"column":23},"end":{"line":9,"column":61}},"6":{"start":{"line":10,"column":6},"end":{"line":12,"column":7}},"7":{"start":{"line":11,"column":8},"end":{"line":11,"column":57}},"8":{"start":{"line":14,"column":6},"end":{"line":14,"column":35}},"9":{"start":{"line":15,"column":6},"end":{"line":15,"column":40}},"10":{"start":{"line":16,"column":6},"end":{"line":16,"column":28}},"11":{"start":{"line":18,"column":6},"end":{"line":25,"column":9}},"12":{"start":{"line":27,"column":6},"end":{"line":27,"column":79}},"13":{"start":{"line":29,"column":6},"end":{"line":29,"column":18}},"14":{"start":{"line":34,"column":4},"end":{"line":61,"column":5}},"15":{"start":{"line":35,"column":34},"end":{"line":35,"column":42}},"16":{"start":{"line":36,"column":6},"end":{"line":38,"column":7}},"17":{"start":{"line":37,"column":8},"end":{"line":37,"column":66}},"18":{"start":{"line":40,"column":23},"end":{"line":40,"column":61}},"19":{"start":{"line":41,"column":6},"end":{"line":43,"column":7}},"20":{"start":{"line":42,"column":8},"end":{"line":42,"column":57}},"21":{"start":{"line":45,"column":6},"end":{"line":45,"column":35}},"22":{"start":{"line":46,"column":6},"end":{"line":46,"column":49}},"23":{"start":{"line":47,"column":6},"end":{"line":47,"column":28}},"24":{"start":{"line":49,"column":6},"end":{"line":56,"column":9}},"25":{"start":{"line":58,"column":6},"end":{"line":58,"column":79}},"26":{"start":{"line":60,"column":6},"end":{"line":60,"column":18}},"27":{"start":{"line":65,"column":4},"end":{"line":93,"column":5}},"28":{"start":{"line":66,"column":83},"end":{"line":66,"column":91}},"29":{"start":{"line":67,"column":6},"end":{"line":67,"column":80}},"30":{"start":{"line":67,"column":33},"end":{"line":67,"column":80}},"31":{"start":{"line":68,"column":6},"end":{"line":68,"column":83}},"32":{"start":{"line":68,"column":35},"end":{"line":68,"column":83}},"33":{"start":{"line":69,"column":6},"end":{"line":69,"column":113}},"34":{"start":{"line":69,"column":44},"end":{"line":69,"column":113}},"35":{"start":{"line":71,"column":27},"end":{"line":71,"column":84}},"36":{"start":{"line":72,"column":6},"end":{"line":74,"column":7}},"37":{"start":{"line":73,"column":8},"end":{"line":73,"column":88}},"38":{"start":{"line":76,"column":25},"end":{"line":76,"column":56}},"39":{"start":{"line":77,"column":23},"end":{"line":77,"column":67}},"40":{"start":{"line":79,"column":19},"end":{"line":88,"column":8}},"41":{"start":{"line":90,"column":6},"end":{"line":90,"column":143}},"42":{"start":{"line":92,"column":6},"end":{"line":92,"column":18}},"43":{"start":{"line":97,"column":4},"end":{"line":109,"column":5}},"44":{"start":{"line":98,"column":21},"end":{"line":98,"column":31}},"45":{"start":{"line":99,"column":6},"end":{"line":101,"column":7}},"46":{"start":{"line":100,"column":8},"end":{"line":100,"column":79}},"47":{"start":{"line":103,"column":19},"end":{"line":103,"column":51}},"48":{"start":{"line":104,"column":6},"end":{"line":104,"column":62}},"49":{"start":{"line":104,"column":17},"end":{"line":104,"column":62}},"50":{"start":{"line":106,"column":6},"end":{"line":106,"column":80}},"51":{"start":{"line":108,"column":6},"end":{"line":108,"column":18}},"52":{"start":{"line":113,"column":4},"end":{"line":130,"column":5}},"53":{"start":{"line":114,"column":21},"end":{"line":114,"column":31}},"54":{"start":{"line":115,"column":58},"end":{"line":115,"column":66}},"55":{"start":{"line":117,"column":19},"end":{"line":117,"column":42}},"56":{"start":{"line":118,"column":6},"end":{"line":118,"column":62}},"57":{"start":{"line":118,"column":17},"end":{"line":118,"column":62}},"58":{"start":{"line":120,"column":6},"end":{"line":120,"column":40}},"59":{"start":{"line":120,"column":16},"end":{"line":120,"column":40}},"60":{"start":{"line":121,"column":6},"end":{"line":121,"column":57}},"61":{"start":{"line":121,"column":17},"end":{"line":121,"column":57}},"62":{"start":{"line":122,"column":6},"end":{"line":122,"column":83}},"63":{"start":{"line":122,"column":66},"end":{"line":122,"column":83}},"64":{"start":{"line":123,"column":6},"end":{"line":123,"column":65}},"65":{"start":{"line":123,"column":36},"end":{"line":123,"column":65}},"66":{"start":{"line":124,"column":6},"end":{"line":124,"column":59}},"67":{"start":{"line":124,"column":34},"end":{"line":124,"column":59}},"68":{"start":{"line":126,"column":6},"end":{"line":126,"column":24}},"69":{"start":{"line":127,"column":6},"end":{"line":127,"column":93}},"70":{"start":{"line":129,"column":6},"end":{"line":129,"column":18}},"71":{"start":{"line":134,"column":4},"end":{"line":147,"column":5}},"72":{"start":{"line":135,"column":25},"end":{"line":135,"column":33}},"73":{"start":{"line":136,"column":6},"end":{"line":136,"column":68}},"74":{"start":{"line":136,"column":19},"end":{"line":136,"column":68}},"75":{"start":{"line":138,"column":19},"end":{"line":138,"column":46}},"76":{"start":{"line":139,"column":6},"end":{"line":139,"column":62}},"77":{"start":{"line":139,"column":17},"end":{"line":139,"column":62}},"78":{"start":{"line":141,"column":6},"end":{"line":141,"column":28}},"79":{"start":{"line":142,"column":6},"end":{"line":142,"column":24}},"80":{"start":{"line":144,"column":6},"end":{"line":144,"column":79}},"81":{"start":{"line":146,"column":6},"end":{"line":146,"column":18}},"82":{"start":{"line":151,"column":4},"end":{"line":194,"column":5}},"83":{"start":{"line":152,"column":75},"end":{"line":152,"column":84}},"84":{"start":{"line":153,"column":20},"end":{"line":153,"column":22}},"85":{"start":{"line":155,"column":6},"end":{"line":155,"column":66}},"86":{"start":{"line":155,"column":34},"end":{"line":155,"column":66}},"87":{"start":{"line":156,"column":6},"end":{"line":156,"column":52}},"88":{"start":{"line":156,"column":22},"end":{"line":156,"column":52}},"89":{"start":{"line":157,"column":6},"end":{"line":157,"column":71}},"90":{"start":{"line":157,"column":34},"end":{"line":157,"column":71}},"91":{"start":{"line":158,"column":6},"end":{"line":166,"column":7}},"92":{"start":{"line":159,"column":28},"end":{"line":159,"column":58}},"93":{"start":{"line":160,"column":8},"end":{"line":165,"column":10}},"94":{"start":{"line":168,"column":19},"end":{"line":168,"column":57}},"95":{"start":{"line":169,"column":20},"end":{"line":173,"column":31}},"96":{"start":{"line":175,"column":20},"end":{"line":175,"column":52}},"97":{"start":{"line":176,"column":27},"end":{"line":176,"column":73}},"98":{"start":{"line":177,"column":28},"end":{"line":177,"column":74}},"99":{"start":{"line":178,"column":26},"end":{"line":178,"column":70}},"100":{"start":{"line":180,"column":6},"end":{"line":191,"column":14}},"101":{"start":{"line":193,"column":6},"end":{"line":193,"column":18}},"102":{"start":{"line":199,"column":0},"end":{"line":199,"column":39}}},"fnMap":{"0":{"name":"(anonymous_0)","decl":{"start":{"line":7,"column":2},"end":{"line":7,"column":3}},"loc":{"start":{"line":7,"column":40},"end":{"line":31,"column":3}},"line":7},"1":{"name":"(anonymous_1)","decl":{"start":{"line":33,"column":2},"end":{"line":33,"column":3}},"loc":{"start":{"line":33,"column":39},"end":{"line":62,"column":3}},"line":33},"2":{"name":"(anonymous_2)","decl":{"start":{"line":64,"column":2},"end":{"line":64,"column":3}},"loc":{"start":{"line":64,"column":35},"end":{"line":94,"column":3}},"line":64},"3":{"name":"(anonymous_3)","decl":{"start":{"line":96,"column":2},"end":{"line":96,"column":3}},"loc":{"start":{"line":96,"column":35},"end":{"line":110,"column":3}},"line":96},"4":{"name":"(anonymous_4)","decl":{"start":{"line":112,"column":2},"end":{"line":112,"column":3}},"loc":{"start":{"line":112,"column":35},"end":{"line":131,"column":3}},"line":112},"5":{"name":"(anonymous_5)","decl":{"start":{"line":133,"column":2},"end":{"line":133,"column":3}},"loc":{"start":{"line":133,"column":38},"end":{"line":148,"column":3}},"line":133},"6":{"name":"(anonymous_6)","decl":{"start":{"line":150,"column":2},"end":{"line":150,"column":3}},"loc":{"start":{"line":150,"column":36},"end":{"line":195,"column":3}},"line":150}},"branchMap":{"0":{"loc":{"start":{"line":10,"column":6},"end":{"line":12,"column":7}},"type":"if","locations":[{"start":{"line":10,"column":6},"end":{"line":12,"column":7}},{"start":{},"end":{}}],"line":10},"1":{"loc":{"start":{"line":36,"column":6},"end":{"line":38,"column":7}},"type":"if","locations":[{"start":{"line":36,"column":6},"end":{"line":38,"column":7}},{"start":{},"end":{}}],"line":36},"2":{"loc":{"start":{"line":41,"column":6},"end":{"line":43,"column":7}},"type":"if","locations":[{"start":{"line":41,"column":6},"end":{"line":43,"column":7}},{"start":{},"end":{}}],"line":41},"3":{"loc":{"start":{"line":66,"column":37},"end":{"line":66,"column":53}},"type":"default-arg","locations":[{"start":{"line":66,"column":44},"end":{"line":66,"column":53}}],"line":66},"4":{"loc":{"start":{"line":67,"column":6},"end":{"line":67,"column":80}},"type":"if","locations":[{"start":{"line":67,"column":6},"end":{"line":67,"column":80}},{"start":{},"end":{}}],"line":67},"5":{"loc":{"start":{"line":67,"column":10},"end":{"line":67,"column":31}},"type":"binary-expr","locations":[{"start":{"line":67,"column":10},"end":{"line":67,"column":15}},{"start":{"line":67,"column":19},"end":{"line":67,"column":31}}],"line":67},"6":{"loc":{"start":{"line":68,"column":6},"end":{"line":68,"column":83}},"type":"if","locations":[{"start":{"line":68,"column":6},"end":{"line":68,"column":83}},{"start":{},"end":{}}],"line":68},"7":{"loc":{"start":{"line":68,"column":10},"end":{"line":68,"column":33}},"type":"binary-expr","locations":[{"start":{"line":68,"column":10},"end":{"line":68,"column":16}},{"start":{"line":68,"column":20},"end":{"line":68,"column":33}}],"line":68},"8":{"loc":{"start":{"line":69,"column":6},"end":{"line":69,"column":113}},"type":"if","locations":[{"start":{"line":69,"column":6},"end":{"line":69,"column":113}},{"start":{},"end":{}}],"line":69},"9":{"loc":{"start":{"line":69,"column":10},"end":{"line":69,"column":42}},"type":"binary-expr","locations":[{"start":{"line":69,"column":10},"end":{"line":69,"column":19}},{"start":{"line":69,"column":23},"end":{"line":69,"column":42}}],"line":69},"10":{"loc":{"start":{"line":72,"column":6},"end":{"line":74,"column":7}},"type":"if","locations":[{"start":{"line":72,"column":6},"end":{"line":74,"column":7}},{"start":{},"end":{}}],"line":72},"11":{"loc":{"start":{"line":77,"column":23},"end":{"line":77,"column":67}},"type":"cond-expr","locations":[{"start":{"line":77,"column":51},"end":{"line":77,"column":55}},{"start":{"line":77,"column":58},"end":{"line":77,"column":67}}],"line":77},"12":{"loc":{"start":{"line":84,"column":20},"end":{"line":84,"column":52}},"type":"binary-expr","locations":[{"start":{"line":84,"column":20},"end":{"line":84,"column":30}},{"start":{"line":84,"column":34},"end":{"line":84,"column":52}}],"line":84},"13":{"loc":{"start":{"line":85,"column":21},"end":{"line":85,"column":46}},"type":"binary-expr","locations":[{"start":{"line":85,"column":21},"end":{"line":85,"column":32}},{"start":{"line":85,"column":36},"end":{"line":85,"column":46}}],"line":85},"14":{"loc":{"start":{"line":90,"column":33},"end":{"line":90,"column":84}},"type":"cond-expr","locations":[{"start":{"line":90,"column":58},"end":{"line":90,"column":75}},{"start":{"line":90,"column":78},"end":{"line":90,"column":84}}],"line":90},"15":{"loc":{"start":{"line":99,"column":6},"end":{"line":101,"column":7}},"type":"if","locations":[{"start":{"line":99,"column":6},"end":{"line":101,"column":7}},{"start":{},"end":{}}],"line":99},"16":{"loc":{"start":{"line":104,"column":6},"end":{"line":104,"column":62}},"type":"if","locations":[{"start":{"line":104,"column":6},"end":{"line":104,"column":62}},{"start":{},"end":{}}],"line":104},"17":{"loc":{"start":{"line":118,"column":6},"end":{"line":118,"column":62}},"type":"if","locations":[{"start":{"line":118,"column":6},"end":{"line":118,"column":62}},{"start":{},"end":{}}],"line":118},"18":{"loc":{"start":{"line":120,"column":6},"end":{"line":120,"column":40}},"type":"if","locations":[{"start":{"line":120,"column":6},"end":{"line":120,"column":40}},{"start":{},"end":{}}],"line":120},"19":{"loc":{"start":{"line":121,"column":6},"end":{"line":121,"column":57}},"type":"if","locations":[{"start":{"line":121,"column":6},"end":{"line":121,"column":57}},{"start":{},"end":{}}],"line":121},"20":{"loc":{"start":{"line":122,"column":6},"end":{"line":122,"column":83}},"type":"if","locations":[{"start":{"line":122,"column":6},"end":{"line":122,"column":83}},{"start":{},"end":{}}],"line":122},"21":{"loc":{"start":{"line":122,"column":10},"end":{"line":122,"column":64}},"type":"binary-expr","locations":[{"start":{"line":122,"column":10},"end":{"line":122,"column":14}},{"start":{"line":122,"column":18},"end":{"line":122,"column":64}}],"line":122},"22":{"loc":{"start":{"line":123,"column":6},"end":{"line":123,"column":65}},"type":"if","locations":[{"start":{"line":123,"column":6},"end":{"line":123,"column":65}},{"start":{},"end":{}}],"line":123},"23":{"loc":{"start":{"line":124,"column":6},"end":{"line":124,"column":59}},"type":"if","locations":[{"start":{"line":124,"column":6},"end":{"line":124,"column":59}},{"start":{},"end":{}}],"line":124},"24":{"loc":{"start":{"line":136,"column":6},"end":{"line":136,"column":68}},"type":"if","locations":[{"start":{"line":136,"column":6},"end":{"line":136,"column":68}},{"start":{},"end":{}}],"line":136},"25":{"loc":{"start":{"line":139,"column":6},"end":{"line":139,"column":62}},"type":"if","locations":[{"start":{"line":139,"column":6},"end":{"line":139,"column":62}},{"start":{},"end":{}}],"line":139},"26":{"loc":{"start":{"line":152,"column":14},"end":{"line":152,"column":22}},"type":"default-arg","locations":[{"start":{"line":152,"column":21},"end":{"line":152,"column":22}}],"line":152},"27":{"loc":{"start":{"line":152,"column":24},"end":{"line":152,"column":34}},"type":"default-arg","locations":[{"start":{"line":152,"column":32},"end":{"line":152,"column":34}}],"line":152},"28":{"loc":{"start":{"line":155,"column":6},"end":{"line":155,"column":66}},"type":"if","locations":[{"start":{"line":155,"column":6},"end":{"line":155,"column":66}},{"start":{},"end":{}}],"line":155},"29":{"loc":{"start":{"line":155,"column":10},"end":{"line":155,"column":32}},"type":"binary-expr","locations":[{"start":{"line":155,"column":10},"end":{"line":155,"column":14}},{"start":{"line":155,"column":18},"end":{"line":155,"column":32}}],"line":155},"30":{"loc":{"start":{"line":156,"column":6},"end":{"line":156,"column":52}},"type":"if","locations":[{"start":{"line":156,"column":6},"end":{"line":156,"column":52}},{"start":{},"end":{}}],"line":156},"31":{"loc":{"start":{"line":157,"column":6},"end":{"line":157,"column":71}},"type":"if","locations":[{"start":{"line":157,"column":6},"end":{"line":157,"column":71}},{"start":{},"end":{}}],"line":157},"32":{"loc":{"start":{"line":158,"column":6},"end":{"line":166,"column":7}},"type":"if","locations":[{"start":{"line":158,"column":6},"end":{"line":166,"column":7}},{"start":{},"end":{}}],"line":158},"33":{"loc":{"start":{"line":158,"column":10},"end":{"line":158,"column":33}},"type":"binary-expr","locations":[{"start":{"line":158,"column":10},"end":{"line":158,"column":16}},{"start":{"line":158,"column":20},"end":{"line":158,"column":33}}],"line":158}},"s":{"0":2,"1":2,"2":2,"3":2,"4":1,"5":1,"6":1,"7":0,"8":1,"9":1,"10":1,"11":1,"12":1,"13":0,"14":1,"15":1,"16":1,"17":0,"18":1,"19":1,"20":0,"21":1,"22":1,"23":1,"24":1,"25":1,"26":0,"27":0,"28":0,"29":0,"30":0,"31":0,"32":0,"33":0,"34":0,"35":0,"36":0,"37":0,"38":0,"39":0,"40":0,"41":0,"42":0,"43":0,"44":0,"45":0,"46":0,"47":0,"48":0,"49":0,"50":0,"51":0,"52":0,"53":0,"54":0,"55":0,"56":0,"57":0,"58":0,"59":0,"60":0,"61":0,"62":0,"63":0,"64":0,"65":0,"66":0,"67":0,"68":0,"69":0,"70":0,"71":0,"72":0,"73":0,"74":0,"75":0,"76":0,"77":0,"78":0,"79":0,"80":0,"81":0,"82":0,"83":0,"84":0,"85":0,"86":0,"87":0,"88":0,"89":0,"90":0,"91":0,"92":0,"93":0,"94":0,"95":0,"96":0,"97":0,"98":0,"99":0,"100":0,"101":0,"102":2},"f":{"0":1,"1":1,"2":0,"3":0,"4":0,"5":0,"6":0},"b":{"0":[0,1],"1":[0,1],"2":[0,1],"3":[0],"4":[0,0],"5":[0,0],"6":[0,0],"7":[0,0],"8":[0,0],"9":[0,0],"10":[0,0],"11":[0,0],"12":[0,0],"13":[0,0],"14":[0,0],"15":[0,0],"16":[0,0],"17":[0,0],"18":[0,0],"19":[0,0],"20":[0,0],"21":[0,0],"22":[0,0],"23":[0,0],"24":[0,0],"25":[0,0],"26":[0],"27":[0],"28":[0,0],"29":[0,0],"30":[0,0],"31":[0,0],"32":[0,0],"33":[0,0]},"_coverageSchema":"1a1c01bbd47fc00a2c39e90264f33305004495a9","hash":"6fb56d65fea440d3f2a292a62c3ab932e8e59393"}
,"C:\\Users\\NISHAD\\OneDrive\\Desktop\\CampusOs\\server\\controllers\\aiController.js": {"path":"C:\\Users\\NISHAD\\OneDrive\\Desktop\\CampusOs\\server\\controllers\\aiController.js","statementMap":{"0":{"start":{"line":1,"column":18},"end":{"line":1,"column":50}},"1":{"start":{"line":2,"column":17},"end":{"line":2,"column":46}},"2":{"start":{"line":3,"column":13},"end":{"line":3,"column":38}},"3":{"start":{"line":4,"column":16},"end":{"line":4,"column":44}},"4":{"start":{"line":5,"column":21},"end":{"line":5,"column":54}},"5":{"start":{"line":6,"column":17},"end":{"line":6,"column":46}},"6":{"start":{"line":7,"column":35},"end":{"line":7,"column":63}},"7":{"start":{"line":8,"column":29},"end":{"line":8,"column":58}},"8":{"start":{"line":9,"column":49},"end":{"line":9,"column":74}},"9":{"start":{"line":13,"column":4},"end":{"line":79,"column":5}},"10":{"start":{"line":14,"column":52},"end":{"line":14,"column":60}},"11":{"start":{"line":15,"column":28},"end":{"line":15,"column":68}},"12":{"start":{"line":16,"column":6},"end":{"line":18,"column":7}},"13":{"start":{"line":17,"column":8},"end":{"line":17,"column":82}},"14":{"start":{"line":20,"column":28},"end":{"line":20,"column":30}},"15":{"start":{"line":21,"column":22},"end":{"line":21,"column":24}},"16":{"start":{"line":23,"column":6},"end":{"line":33,"column":7}},"17":{"start":{"line":24,"column":21},"end":{"line":24,"column":71}},"18":{"start":{"line":25,"column":8},"end":{"line":25,"column":113}},"19":{"start":{"line":25,"column":42},"end":{"line":25,"column":84}},"20":{"start":{"line":26,"column":8},"end":{"line":26,"column":32}},"21":{"start":{"line":27,"column":13},"end":{"line":33,"column":7}},"22":{"start":{"line":28,"column":20},"end":{"line":28,"column":55}},"23":{"start":{"line":29,"column":8},"end":{"line":32,"column":9}},"24":{"start":{"line":30,"column":10},"end":{"line":30,"column":80}},"25":{"start":{"line":31,"column":10},"end":{"line":31,"column":35}},"26":{"start":{"line":35,"column":6},"end":{"line":57,"column":7}},"27":{"start":{"line":36,"column":31},"end":{"line":39,"column":9}},"28":{"start":{"line":41,"column":8},"end":{"line":48,"column":11}},"29":{"start":{"line":50,"column":8},"end":{"line":54,"column":11}},"30":{"start":{"line":56,"column":8},"end":{"line":56,"column":80}},"31":{"start":{"line":59,"column":23},"end":{"line":59,"column":89}},"32":{"start":{"line":61,"column":6},"end":{"line":68,"column":9}},"33":{"start":{"line":70,"column":6},"end":{"line":74,"column":9}},"34":{"start":{"line":76,"column":6},"end":{"line":76,"column":72}},"35":{"start":{"line":78,"column":6},"end":{"line":78,"column":18}},"36":{"start":{"line":83,"column":4},"end":{"line":170,"column":5}},"37":{"start":{"line":84,"column":39},"end":{"line":84,"column":47}},"38":{"start":{"line":85,"column":28},"end":{"line":85,"column":65}},"39":{"start":{"line":86,"column":6},"end":{"line":88,"column":7}},"40":{"start":{"line":87,"column":8},"end":{"line":87,"column":82}},"41":{"start":{"line":91,"column":19},"end":{"line":91,"column":21}},"42":{"start":{"line":92,"column":6},"end":{"line":92,"column":82}},"43":{"start":{"line":92,"column":40},"end":{"line":92,"column":82}},"44":{"start":{"line":95,"column":17},"end":{"line":95,"column":76}},"45":{"start":{"line":96,"column":6},"end":{"line":98,"column":7}},"46":{"start":{"line":97,"column":8},"end":{"line":97,"column":43}},"47":{"start":{"line":101,"column":31},"end":{"line":107,"column":51}},"48":{"start":{"line":101,"column":48},"end":{"line":107,"column":7}},"49":{"start":{"line":107,"column":24},"end":{"line":107,"column":50}},"50":{"start":{"line":109,"column":26},"end":{"line":109,"column":28}},"51":{"start":{"line":111,"column":6},"end":{"line":118,"column":7}},"52":{"start":{"line":112,"column":8},"end":{"line":117,"column":9}},"53":{"start":{"line":113,"column":24},"end":{"line":113,"column":79}},"54":{"start":{"line":114,"column":10},"end":{"line":114,"column":56}},"55":{"start":{"line":116,"column":10},"end":{"line":116,"column":102}},"56":{"start":{"line":121,"column":6},"end":{"line":155,"column":7}},"57":{"start":{"line":122,"column":29},"end":{"line":122,"column":90}},"58":{"start":{"line":123,"column":8},"end":{"line":154,"column":10}},"59":{"start":{"line":157,"column":6},"end":{"line":165,"column":7}},"60":{"start":{"line":158,"column":8},"end":{"line":162,"column":11}},"61":{"start":{"line":164,"column":8},"end":{"line":164,"column":63}},"62":{"start":{"line":167,"column":6},"end":{"line":167,"column":83}},"63":{"start":{"line":169,"column":6},"end":{"line":169,"column":18}},"64":{"start":{"line":175,"column":4},"end":{"line":218,"column":5}},"65":{"start":{"line":176,"column":44},"end":{"line":176,"column":52}},"66":{"start":{"line":177,"column":17},"end":{"line":177,"column":30}},"67":{"start":{"line":178,"column":23},"end":{"line":178,"column":27}},"68":{"start":{"line":180,"column":6},"end":{"line":185,"column":7}},"69":{"start":{"line":181,"column":8},"end":{"line":181,"column":32}},"70":{"start":{"line":182,"column":20},"end":{"line":182,"column":55}},"71":{"start":{"line":183,"column":8},"end":{"line":183,"column":67}},"72":{"start":{"line":183,"column":18},"end":{"line":183,"column":67}},"73":{"start":{"line":184,"column":8},"end":{"line":184,"column":60}},"74":{"start":{"line":187,"column":6},"end":{"line":187,"column":159}},"75":{"start":{"line":187,"column":33},"end":{"line":187,"column":159}},"76":{"start":{"line":189,"column":23},"end":{"line":189,"column":114}},"77":{"start":{"line":190,"column":21},"end":{"line":190,"column":45}},"78":{"start":{"line":191,"column":6},"end":{"line":193,"column":7}},"79":{"start":{"line":192,"column":8},"end":{"line":192,"column":75}},"80":{"start":{"line":195,"column":28},"end":{"line":195,"column":51}},"81":{"start":{"line":196,"column":23},"end":{"line":196,"column":75}},"82":{"start":{"line":197,"column":6},"end":{"line":197,"column":48}},"83":{"start":{"line":199,"column":6},"end":{"line":213,"column":7}},"84":{"start":{"line":200,"column":8},"end":{"line":204,"column":11}},"85":{"start":{"line":206,"column":8},"end":{"line":210,"column":11}},"86":{"start":{"line":212,"column":8},"end":{"line":212,"column":61}},"87":{"start":{"line":215,"column":6},"end":{"line":215,"column":66}},"88":{"start":{"line":217,"column":6},"end":{"line":217,"column":18}},"89":{"start":{"line":222,"column":4},"end":{"line":259,"column":5}},"90":{"start":{"line":223,"column":44},"end":{"line":223,"column":52}},"91":{"start":{"line":224,"column":17},"end":{"line":224,"column":30}},"92":{"start":{"line":225,"column":23},"end":{"line":225,"column":27}},"93":{"start":{"line":227,"column":6},"end":{"line":232,"column":7}},"94":{"start":{"line":228,"column":8},"end":{"line":228,"column":32}},"95":{"start":{"line":229,"column":20},"end":{"line":229,"column":55}},"96":{"start":{"line":230,"column":8},"end":{"line":230,"column":67}},"97":{"start":{"line":230,"column":18},"end":{"line":230,"column":67}},"98":{"start":{"line":231,"column":8},"end":{"line":231,"column":60}},"99":{"start":{"line":234,"column":6},"end":{"line":234,"column":159}},"100":{"start":{"line":234,"column":33},"end":{"line":234,"column":159}},"101":{"start":{"line":236,"column":23},"end":{"line":236,"column":114}},"102":{"start":{"line":237,"column":21},"end":{"line":237,"column":45}},"103":{"start":{"line":238,"column":6},"end":{"line":240,"column":7}},"104":{"start":{"line":239,"column":8},"end":{"line":239,"column":75}},"105":{"start":{"line":242,"column":28},"end":{"line":242,"column":51}},"106":{"start":{"line":243,"column":23},"end":{"line":243,"column":81}},"107":{"start":{"line":244,"column":6},"end":{"line":244,"column":48}},"108":{"start":{"line":246,"column":6},"end":{"line":254,"column":7}},"109":{"start":{"line":247,"column":8},"end":{"line":251,"column":11}},"110":{"start":{"line":253,"column":8},"end":{"line":253,"column":56}},"111":{"start":{"line":256,"column":6},"end":{"line":256,"column":66}},"112":{"start":{"line":258,"column":6},"end":{"line":258,"column":18}},"113":{"start":{"line":263,"column":4},"end":{"line":315,"column":5}},"114":{"start":{"line":264,"column":48},"end":{"line":264,"column":56}},"115":{"start":{"line":265,"column":6},"end":{"line":265,"column":70}},"116":{"start":{"line":265,"column":20},"end":{"line":265,"column":70}},"117":{"start":{"line":267,"column":17},"end":{"line":267,"column":19}},"118":{"start":{"line":268,"column":23},"end":{"line":268,"column":27}},"119":{"start":{"line":269,"column":6},"end":{"line":273,"column":7}},"120":{"start":{"line":270,"column":8},"end":{"line":270,"column":32}},"121":{"start":{"line":271,"column":20},"end":{"line":271,"column":55}},"122":{"start":{"line":272,"column":8},"end":{"line":272,"column":67}},"123":{"start":{"line":272,"column":17},"end":{"line":272,"column":67}},"124":{"start":{"line":275,"column":6},"end":{"line":277,"column":7}},"125":{"start":{"line":276,"column":10},"end":{"line":276,"column":136}},"126":{"start":{"line":279,"column":23},"end":{"line":279,"column":136}},"127":{"start":{"line":280,"column":21},"end":{"line":280,"column":45}},"128":{"start":{"line":281,"column":6},"end":{"line":283,"column":7}},"129":{"start":{"line":282,"column":8},"end":{"line":282,"column":78}},"130":{"start":{"line":285,"column":28},"end":{"line":285,"column":63}},"131":{"start":{"line":286,"column":23},"end":{"line":286,"column":95}},"132":{"start":{"line":288,"column":6},"end":{"line":290,"column":7}},"133":{"start":{"line":289,"column":8},"end":{"line":289,"column":100}},"134":{"start":{"line":292,"column":6},"end":{"line":292,"column":48}},"135":{"start":{"line":294,"column":6},"end":{"line":310,"column":7}},"136":{"start":{"line":295,"column":8},"end":{"line":301,"column":11}},"137":{"start":{"line":303,"column":8},"end":{"line":307,"column":11}},"138":{"start":{"line":309,"column":8},"end":{"line":309,"column":68}},"139":{"start":{"line":312,"column":6},"end":{"line":312,"column":69}},"140":{"start":{"line":314,"column":6},"end":{"line":314,"column":18}},"141":{"start":{"line":319,"column":4},"end":{"line":348,"column":5}},"142":{"start":{"line":320,"column":52},"end":{"line":320,"column":60}},"143":{"start":{"line":321,"column":6},"end":{"line":321,"column":70}},"144":{"start":{"line":321,"column":20},"end":{"line":321,"column":70}},"145":{"start":{"line":323,"column":17},"end":{"line":323,"column":19}},"146":{"start":{"line":324,"column":23},"end":{"line":324,"column":27}},"147":{"start":{"line":325,"column":6},"end":{"line":329,"column":7}},"148":{"start":{"line":326,"column":8},"end":{"line":326,"column":32}},"149":{"start":{"line":327,"column":20},"end":{"line":327,"column":55}},"150":{"start":{"line":328,"column":8},"end":{"line":328,"column":67}},"151":{"start":{"line":328,"column":17},"end":{"line":328,"column":67}},"152":{"start":{"line":331,"column":6},"end":{"line":333,"column":7}},"153":{"start":{"line":332,"column":10},"end":{"line":332,"column":136}},"154":{"start":{"line":335,"column":23},"end":{"line":335,"column":134}},"155":{"start":{"line":336,"column":21},"end":{"line":336,"column":45}},"156":{"start":{"line":337,"column":6},"end":{"line":339,"column":7}},"157":{"start":{"line":338,"column":8},"end":{"line":338,"column":82}},"158":{"start":{"line":341,"column":28},"end":{"line":341,"column":63}},"159":{"start":{"line":342,"column":23},"end":{"line":342,"column":93}},"160":{"start":{"line":343,"column":6},"end":{"line":343,"column":48}},"161":{"start":{"line":345,"column":6},"end":{"line":345,"column":73}},"162":{"start":{"line":347,"column":6},"end":{"line":347,"column":18}},"163":{"start":{"line":352,"column":4},"end":{"line":371,"column":5}},"164":{"start":{"line":353,"column":33},"end":{"line":353,"column":41}},"165":{"start":{"line":354,"column":28},"end":{"line":354,"column":76}},"166":{"start":{"line":355,"column":6},"end":{"line":357,"column":7}},"167":{"start":{"line":356,"column":8},"end":{"line":356,"column":82}},"168":{"start":{"line":359,"column":23},"end":{"line":359,"column":75}},"169":{"start":{"line":360,"column":21},"end":{"line":360,"column":45}},"170":{"start":{"line":361,"column":6},"end":{"line":363,"column":7}},"171":{"start":{"line":362,"column":8},"end":{"line":362,"column":79}},"172":{"start":{"line":365,"column":23},"end":{"line":365,"column":73}},"173":{"start":{"line":366,"column":6},"end":{"line":366,"column":48}},"174":{"start":{"line":368,"column":6},"end":{"line":368,"column":70}},"175":{"start":{"line":370,"column":6},"end":{"line":370,"column":18}},"176":{"start":{"line":375,"column":4},"end":{"line":403,"column":5}},"177":{"start":{"line":376,"column":53},"end":{"line":376,"column":61}},"178":{"start":{"line":377,"column":6},"end":{"line":377,"column":70}},"179":{"start":{"line":377,"column":20},"end":{"line":377,"column":70}},"180":{"start":{"line":379,"column":17},"end":{"line":379,"column":30}},"181":{"start":{"line":380,"column":23},"end":{"line":380,"column":27}},"182":{"start":{"line":381,"column":6},"end":{"line":386,"column":7}},"183":{"start":{"line":382,"column":8},"end":{"line":382,"column":32}},"184":{"start":{"line":383,"column":20},"end":{"line":383,"column":55}},"185":{"start":{"line":384,"column":8},"end":{"line":384,"column":67}},"186":{"start":{"line":384,"column":18},"end":{"line":384,"column":67}},"187":{"start":{"line":385,"column":8},"end":{"line":385,"column":60}},"188":{"start":{"line":388,"column":6},"end":{"line":388,"column":159}},"189":{"start":{"line":388,"column":33},"end":{"line":388,"column":159}},"190":{"start":{"line":390,"column":23},"end":{"line":390,"column":119}},"191":{"start":{"line":391,"column":21},"end":{"line":391,"column":45}},"192":{"start":{"line":392,"column":6},"end":{"line":394,"column":7}},"193":{"start":{"line":393,"column":8},"end":{"line":393,"column":70}},"194":{"start":{"line":396,"column":28},"end":{"line":396,"column":51}},"195":{"start":{"line":397,"column":23},"end":{"line":397,"column":73}},"196":{"start":{"line":398,"column":6},"end":{"line":398,"column":48}},"197":{"start":{"line":400,"column":6},"end":{"line":400,"column":61}},"198":{"start":{"line":402,"column":6},"end":{"line":402,"column":18}},"199":{"start":{"line":407,"column":4},"end":{"line":435,"column":5}},"200":{"start":{"line":408,"column":53},"end":{"line":408,"column":61}},"201":{"start":{"line":409,"column":6},"end":{"line":409,"column":70}},"202":{"start":{"line":409,"column":20},"end":{"line":409,"column":70}},"203":{"start":{"line":411,"column":17},"end":{"line":411,"column":30}},"204":{"start":{"line":412,"column":23},"end":{"line":412,"column":27}},"205":{"start":{"line":413,"column":6},"end":{"line":418,"column":7}},"206":{"start":{"line":414,"column":8},"end":{"line":414,"column":32}},"207":{"start":{"line":415,"column":20},"end":{"line":415,"column":55}},"208":{"start":{"line":416,"column":8},"end":{"line":416,"column":67}},"209":{"start":{"line":416,"column":18},"end":{"line":416,"column":67}},"210":{"start":{"line":417,"column":8},"end":{"line":417,"column":60}},"211":{"start":{"line":420,"column":6},"end":{"line":420,"column":159}},"212":{"start":{"line":420,"column":33},"end":{"line":420,"column":159}},"213":{"start":{"line":422,"column":23},"end":{"line":422,"column":124}},"214":{"start":{"line":423,"column":21},"end":{"line":423,"column":45}},"215":{"start":{"line":424,"column":6},"end":{"line":426,"column":7}},"216":{"start":{"line":425,"column":8},"end":{"line":425,"column":75}},"217":{"start":{"line":428,"column":28},"end":{"line":428,"column":51}},"218":{"start":{"line":429,"column":23},"end":{"line":429,"column":78}},"219":{"start":{"line":430,"column":6},"end":{"line":430,"column":48}},"220":{"start":{"line":432,"column":6},"end":{"line":432,"column":66}},"221":{"start":{"line":434,"column":6},"end":{"line":434,"column":18}},"222":{"start":{"line":439,"column":4},"end":{"line":468,"column":5}},"223":{"start":{"line":440,"column":47},"end":{"line":440,"column":55}},"224":{"start":{"line":441,"column":6},"end":{"line":441,"column":70}},"225":{"start":{"line":441,"column":20},"end":{"line":441,"column":70}},"226":{"start":{"line":443,"column":17},"end":{"line":443,"column":19}},"227":{"start":{"line":444,"column":23},"end":{"line":444,"column":27}},"228":{"start":{"line":445,"column":6},"end":{"line":449,"column":7}},"229":{"start":{"line":446,"column":8},"end":{"line":446,"column":32}},"230":{"start":{"line":447,"column":20},"end":{"line":447,"column":55}},"231":{"start":{"line":448,"column":8},"end":{"line":448,"column":67}},"232":{"start":{"line":448,"column":17},"end":{"line":448,"column":67}},"233":{"start":{"line":451,"column":6},"end":{"line":453,"column":7}},"234":{"start":{"line":452,"column":10},"end":{"line":452,"column":136}},"235":{"start":{"line":455,"column":23},"end":{"line":455,"column":130}},"236":{"start":{"line":456,"column":21},"end":{"line":456,"column":45}},"237":{"start":{"line":457,"column":6},"end":{"line":459,"column":7}},"238":{"start":{"line":458,"column":8},"end":{"line":458,"column":82}},"239":{"start":{"line":461,"column":28},"end":{"line":461,"column":63}},"240":{"start":{"line":462,"column":23},"end":{"line":462,"column":93}},"241":{"start":{"line":463,"column":6},"end":{"line":463,"column":48}},"242":{"start":{"line":465,"column":6},"end":{"line":465,"column":73}},"243":{"start":{"line":467,"column":6},"end":{"line":467,"column":18}},"244":{"start":{"line":472,"column":4},"end":{"line":501,"column":5}},"245":{"start":{"line":473,"column":58},"end":{"line":473,"column":66}},"246":{"start":{"line":474,"column":6},"end":{"line":474,"column":70}},"247":{"start":{"line":474,"column":20},"end":{"line":474,"column":70}},"248":{"start":{"line":476,"column":17},"end":{"line":476,"column":19}},"249":{"start":{"line":477,"column":23},"end":{"line":477,"column":27}},"250":{"start":{"line":478,"column":6},"end":{"line":482,"column":7}},"251":{"start":{"line":479,"column":8},"end":{"line":479,"column":32}},"252":{"start":{"line":480,"column":20},"end":{"line":480,"column":55}},"253":{"start":{"line":481,"column":8},"end":{"line":481,"column":67}},"254":{"start":{"line":481,"column":17},"end":{"line":481,"column":67}},"255":{"start":{"line":484,"column":6},"end":{"line":486,"column":7}},"256":{"start":{"line":485,"column":10},"end":{"line":485,"column":136}},"257":{"start":{"line":488,"column":23},"end":{"line":488,"column":143}},"258":{"start":{"line":489,"column":21},"end":{"line":489,"column":45}},"259":{"start":{"line":490,"column":6},"end":{"line":492,"column":7}},"260":{"start":{"line":491,"column":8},"end":{"line":491,"column":78}},"261":{"start":{"line":494,"column":28},"end":{"line":494,"column":63}},"262":{"start":{"line":495,"column":23},"end":{"line":495,"column":100}},"263":{"start":{"line":496,"column":6},"end":{"line":496,"column":48}},"264":{"start":{"line":498,"column":6},"end":{"line":498,"column":69}},"265":{"start":{"line":500,"column":6},"end":{"line":500,"column":18}},"266":{"start":{"line":505,"column":0},"end":{"line":505,"column":36}}},"fnMap":{"0":{"name":"(anonymous_0)","decl":{"start":{"line":12,"column":2},"end":{"line":12,"column":3}},"loc":{"start":{"line":12,"column":29},"end":{"line":80,"column":3}},"line":12},"1":{"name":"(anonymous_1)","decl":{"start":{"line":25,"column":35},"end":{"line":25,"column":36}},"loc":{"start":{"line":25,"column":42},"end":{"line":25,"column":84}},"line":25},"2":{"name":"(anonymous_2)","decl":{"start":{"line":82,"column":2},"end":{"line":82,"column":3}},"loc":{"start":{"line":82,"column":39},"end":{"line":171,"column":3}},"line":82},"3":{"name":"(anonymous_3)","decl":{"start":{"line":101,"column":40},"end":{"line":101,"column":41}},"loc":{"start":{"line":101,"column":48},"end":{"line":107,"column":7}},"line":101},"4":{"name":"(anonymous_4)","decl":{"start":{"line":107,"column":17},"end":{"line":107,"column":18}},"loc":{"start":{"line":107,"column":24},"end":{"line":107,"column":50}},"line":107},"5":{"name":"(anonymous_5)","decl":{"start":{"line":174,"column":2},"end":{"line":174,"column":3}},"loc":{"start":{"line":174,"column":34},"end":{"line":219,"column":3}},"line":174},"6":{"name":"(anonymous_6)","decl":{"start":{"line":221,"column":2},"end":{"line":221,"column":3}},"loc":{"start":{"line":221,"column":40},"end":{"line":260,"column":3}},"line":221},"7":{"name":"(anonymous_7)","decl":{"start":{"line":262,"column":2},"end":{"line":262,"column":3}},"loc":{"start":{"line":262,"column":43},"end":{"line":316,"column":3}},"line":262},"8":{"name":"(anonymous_8)","decl":{"start":{"line":318,"column":2},"end":{"line":318,"column":3}},"loc":{"start":{"line":318,"column":37},"end":{"line":349,"column":3}},"line":318},"9":{"name":"(anonymous_9)","decl":{"start":{"line":351,"column":2},"end":{"line":351,"column":3}},"loc":{"start":{"line":351,"column":43},"end":{"line":372,"column":3}},"line":351},"10":{"name":"(anonymous_10)","decl":{"start":{"line":374,"column":2},"end":{"line":374,"column":3}},"loc":{"start":{"line":374,"column":35},"end":{"line":404,"column":3}},"line":374},"11":{"name":"(anonymous_11)","decl":{"start":{"line":406,"column":2},"end":{"line":406,"column":3}},"loc":{"start":{"line":406,"column":40},"end":{"line":436,"column":3}},"line":406},"12":{"name":"(anonymous_12)","decl":{"start":{"line":438,"column":2},"end":{"line":438,"column":3}},"loc":{"start":{"line":438,"column":46},"end":{"line":469,"column":3}},"line":438},"13":{"name":"(anonymous_13)","decl":{"start":{"line":471,"column":2},"end":{"line":471,"column":3}},"loc":{"start":{"line":471,"column":42},"end":{"line":502,"column":3}},"line":471}},"branchMap":{"0":{"loc":{"start":{"line":16,"column":6},"end":{"line":18,"column":7}},"type":"if","locations":[{"start":{"line":16,"column":6},"end":{"line":18,"column":7}},{"start":{},"end":{}}],"line":16},"1":{"loc":{"start":{"line":23,"column":6},"end":{"line":33,"column":7}},"type":"if","locations":[{"start":{"line":23,"column":6},"end":{"line":33,"column":7}},{"start":{"line":27,"column":13},"end":{"line":33,"column":7}}],"line":23},"2":{"loc":{"start":{"line":23,"column":10},"end":{"line":23,"column":77}},"type":"binary-expr","locations":[{"start":{"line":23,"column":10},"end":{"line":23,"column":21}},{"start":{"line":23,"column":25},"end":{"line":23,"column":51}},{"start":{"line":23,"column":55},"end":{"line":23,"column":77}}],"line":23},"3":{"loc":{"start":{"line":25,"column":42},"end":{"line":25,"column":84}},"type":"binary-expr","locations":[{"start":{"line":25,"column":42},"end":{"line":25,"column":57}},{"start":{"line":25,"column":61},"end":{"line":25,"column":78}},{"start":{"line":25,"column":82},"end":{"line":25,"column":84}}],"line":25},"4":{"loc":{"start":{"line":27,"column":13},"end":{"line":33,"column":7}},"type":"if","locations":[{"start":{"line":27,"column":13},"end":{"line":33,"column":7}},{"start":{},"end":{}}],"line":27},"5":{"loc":{"start":{"line":29,"column":8},"end":{"line":32,"column":9}},"type":"if","locations":[{"start":{"line":29,"column":8},"end":{"line":32,"column":9}},{"start":{},"end":{}}],"line":29},"6":{"loc":{"start":{"line":30,"column":29},"end":{"line":30,"column":71}},"type":"binary-expr","locations":[{"start":{"line":30,"column":29},"end":{"line":30,"column":44}},{"start":{"line":30,"column":48},"end":{"line":30,"column":65}},{"start":{"line":30,"column":69},"end":{"line":30,"column":71}}],"line":30},"7":{"loc":{"start":{"line":35,"column":6},"end":{"line":57,"column":7}},"type":"if","locations":[{"start":{"line":35,"column":6},"end":{"line":57,"column":7}},{"start":{},"end":{}}],"line":35},"8":{"loc":{"start":{"line":35,"column":10},"end":{"line":35,"column":50}},"type":"binary-expr","locations":[{"start":{"line":35,"column":10},"end":{"line":35,"column":30}},{"start":{"line":35,"column":34},"end":{"line":35,"column":50}}],"line":35},"9":{"loc":{"start":{"line":63,"column":18},"end":{"line":63,"column":76}},"type":"binary-expr","locations":[{"start":{"line":63,"column":18},"end":{"line":63,"column":28}},{"start":{"line":63,"column":33},"end":{"line":63,"column":75}}],"line":63},"10":{"loc":{"start":{"line":63,"column":33},"end":{"line":63,"column":75}},"type":"cond-expr","locations":[{"start":{"line":63,"column":56},"end":{"line":63,"column":68}},{"start":{"line":63,"column":71},"end":{"line":63,"column":75}}],"line":63},"11":{"loc":{"start":{"line":86,"column":6},"end":{"line":88,"column":7}},"type":"if","locations":[{"start":{"line":86,"column":6},"end":{"line":88,"column":7}},{"start":{},"end":{}}],"line":86},"12":{"loc":{"start":{"line":92,"column":6},"end":{"line":92,"column":82}},"type":"if","locations":[{"start":{"line":92,"column":6},"end":{"line":92,"column":82}},{"start":{},"end":{}}],"line":92},"13":{"loc":{"start":{"line":92,"column":10},"end":{"line":92,"column":38}},"type":"binary-expr","locations":[{"start":{"line":92,"column":10},"end":{"line":92,"column":17}},{"start":{"line":92,"column":21},"end":{"line":92,"column":38}}],"line":92},"14":{"loc":{"start":{"line":96,"column":6},"end":{"line":98,"column":7}},"type":"if","locations":[{"start":{"line":96,"column":6},"end":{"line":98,"column":7}},{"start":{},"end":{}}],"line":96},"15":{"loc":{"start":{"line":96,"column":10},"end":{"line":96,"column":36}},"type":"binary-expr","locations":[{"start":{"line":96,"column":10},"end":{"line":96,"column":15}},{"start":{"line":96,"column":19},"end":{"line":96,"column":36}}],"line":96},"16":{"loc":{"start":{"line":103,"column":15},"end":{"line":103,"column":44}},"type":"binary-expr","locations":[{"start":{"line":103,"column":15},"end":{"line":103,"column":31}},{"start":{"line":103,"column":35},"end":{"line":103,"column":44}}],"line":103},"17":{"loc":{"start":{"line":104,"column":17},"end":{"line":104,"column":41}},"type":"binary-expr","locations":[{"start":{"line":104,"column":17},"end":{"line":104,"column":28}},{"start":{"line":104,"column":32},"end":{"line":104,"column":41}}],"line":104},"18":{"loc":{"start":{"line":105,"column":14},"end":{"line":105,"column":35}},"type":"binary-expr","locations":[{"start":{"line":105,"column":14},"end":{"line":105,"column":26}},{"start":{"line":105,"column":30},"end":{"line":105,"column":35}}],"line":105},"19":{"loc":{"start":{"line":106,"column":14},"end":{"line":106,"column":56}},"type":"binary-expr","locations":[{"start":{"line":106,"column":14},"end":{"line":106,"column":29}},{"start":{"line":106,"column":33},"end":{"line":106,"column":50}},{"start":{"line":106,"column":54},"end":{"line":106,"column":56}}],"line":106},"20":{"loc":{"start":{"line":111,"column":6},"end":{"line":118,"column":7}},"type":"if","locations":[{"start":{"line":111,"column":6},"end":{"line":118,"column":7}},{"start":{},"end":{}}],"line":111},"21":{"loc":{"start":{"line":114,"column":26},"end":{"line":114,"column":55}},"type":"binary-expr","locations":[{"start":{"line":114,"column":26},"end":{"line":114,"column":40}},{"start":{"line":114,"column":44},"end":{"line":114,"column":49}},{"start":{"line":114,"column":53},"end":{"line":114,"column":55}}],"line":114},"22":{"loc":{"start":{"line":121,"column":6},"end":{"line":155,"column":7}},"type":"if","locations":[{"start":{"line":121,"column":6},"end":{"line":155,"column":7}},{"start":{},"end":{}}],"line":121},"23":{"loc":{"start":{"line":121,"column":10},"end":{"line":121,"column":54}},"type":"binary-expr","locations":[{"start":{"line":121,"column":10},"end":{"line":121,"column":24}},{"start":{"line":121,"column":28},"end":{"line":121,"column":54}}],"line":121},"24":{"loc":{"start":{"line":122,"column":29},"end":{"line":122,"column":90}},"type":"cond-expr","locations":[{"start":{"line":122,"column":62},"end":{"line":122,"column":69}},{"start":{"line":122,"column":72},"end":{"line":122,"column":90}}],"line":122},"25":{"loc":{"start":{"line":122,"column":30},"end":{"line":122,"column":58}},"type":"binary-expr","locations":[{"start":{"line":122,"column":30},"end":{"line":122,"column":37}},{"start":{"line":122,"column":41},"end":{"line":122,"column":58}}],"line":122},"26":{"loc":{"start":{"line":177,"column":17},"end":{"line":177,"column":30}},"type":"binary-expr","locations":[{"start":{"line":177,"column":17},"end":{"line":177,"column":24}},{"start":{"line":177,"column":28},"end":{"line":177,"column":30}}],"line":177},"27":{"loc":{"start":{"line":180,"column":6},"end":{"line":185,"column":7}},"type":"if","locations":[{"start":{"line":180,"column":6},"end":{"line":185,"column":7}},{"start":{},"end":{}}],"line":180},"28":{"loc":{"start":{"line":180,"column":10},"end":{"line":180,"column":75}},"type":"binary-expr","locations":[{"start":{"line":180,"column":10},"end":{"line":180,"column":20}},{"start":{"line":180,"column":24},"end":{"line":180,"column":50}},{"start":{"line":180,"column":54},"end":{"line":180,"column":75}}],"line":180},"29":{"loc":{"start":{"line":183,"column":8},"end":{"line":183,"column":67}},"type":"if","locations":[{"start":{"line":183,"column":8},"end":{"line":183,"column":67}},{"start":{},"end":{}}],"line":183},"30":{"loc":{"start":{"line":184,"column":15},"end":{"line":184,"column":59}},"type":"binary-expr","locations":[{"start":{"line":184,"column":15},"end":{"line":184,"column":30}},{"start":{"line":184,"column":34},"end":{"line":184,"column":51}},{"start":{"line":184,"column":55},"end":{"line":184,"column":59}}],"line":184},"31":{"loc":{"start":{"line":187,"column":6},"end":{"line":187,"column":159}},"type":"if","locations":[{"start":{"line":187,"column":6},"end":{"line":187,"column":159}},{"start":{},"end":{}}],"line":187},"32":{"loc":{"start":{"line":187,"column":10},"end":{"line":187,"column":31}},"type":"binary-expr","locations":[{"start":{"line":187,"column":10},"end":{"line":187,"column":15}},{"start":{"line":187,"column":19},"end":{"line":187,"column":31}}],"line":187},"33":{"loc":{"start":{"line":191,"column":6},"end":{"line":193,"column":7}},"type":"if","locations":[{"start":{"line":191,"column":6},"end":{"line":193,"column":7}},{"start":{},"end":{}}],"line":191},"34":{"loc":{"start":{"line":224,"column":17},"end":{"line":224,"column":30}},"type":"binary-expr","locations":[{"start":{"line":224,"column":17},"end":{"line":224,"column":24}},{"start":{"line":224,"column":28},"end":{"line":224,"column":30}}],"line":224},"35":{"loc":{"start":{"line":227,"column":6},"end":{"line":232,"column":7}},"type":"if","locations":[{"start":{"line":227,"column":6},"end":{"line":232,"column":7}},{"start":{},"end":{}}],"line":227},"36":{"loc":{"start":{"line":227,"column":10},"end":{"line":227,"column":75}},"type":"binary-expr","locations":[{"start":{"line":227,"column":10},"end":{"line":227,"column":20}},{"start":{"line":227,"column":24},"end":{"line":227,"column":50}},{"start":{"line":227,"column":54},"end":{"line":227,"column":75}}],"line":227},"37":{"loc":{"start":{"line":230,"column":8},"end":{"line":230,"column":67}},"type":"if","locations":[{"start":{"line":230,"column":8},"end":{"line":230,"column":67}},{"start":{},"end":{}}],"line":230},"38":{"loc":{"start":{"line":231,"column":15},"end":{"line":231,"column":59}},"type":"binary-expr","locations":[{"start":{"line":231,"column":15},"end":{"line":231,"column":30}},{"start":{"line":231,"column":34},"end":{"line":231,"column":51}},{"start":{"line":231,"column":55},"end":{"line":231,"column":59}}],"line":231},"39":{"loc":{"start":{"line":234,"column":6},"end":{"line":234,"column":159}},"type":"if","locations":[{"start":{"line":234,"column":6},"end":{"line":234,"column":159}},{"start":{},"end":{}}],"line":234},"40":{"loc":{"start":{"line":234,"column":10},"end":{"line":234,"column":31}},"type":"binary-expr","locations":[{"start":{"line":234,"column":10},"end":{"line":234,"column":15}},{"start":{"line":234,"column":19},"end":{"line":234,"column":31}}],"line":234},"41":{"loc":{"start":{"line":238,"column":6},"end":{"line":240,"column":7}},"type":"if","locations":[{"start":{"line":238,"column":6},"end":{"line":240,"column":7}},{"start":{},"end":{}}],"line":238},"42":{"loc":{"start":{"line":265,"column":6},"end":{"line":265,"column":70}},"type":"if","locations":[{"start":{"line":265,"column":6},"end":{"line":265,"column":70}},{"start":{},"end":{}}],"line":265},"43":{"loc":{"start":{"line":269,"column":6},"end":{"line":273,"column":7}},"type":"if","locations":[{"start":{"line":269,"column":6},"end":{"line":273,"column":7}},{"start":{},"end":{}}],"line":269},"44":{"loc":{"start":{"line":269,"column":10},"end":{"line":269,"column":75}},"type":"binary-expr","locations":[{"start":{"line":269,"column":10},"end":{"line":269,"column":20}},{"start":{"line":269,"column":24},"end":{"line":269,"column":50}},{"start":{"line":269,"column":54},"end":{"line":269,"column":75}}],"line":269},"45":{"loc":{"start":{"line":272,"column":8},"end":{"line":272,"column":67}},"type":"if","locations":[{"start":{"line":272,"column":8},"end":{"line":272,"column":67}},{"start":{},"end":{}}],"line":272},"46":{"loc":{"start":{"line":272,"column":24},"end":{"line":272,"column":66}},"type":"binary-expr","locations":[{"start":{"line":272,"column":24},"end":{"line":272,"column":39}},{"start":{"line":272,"column":43},"end":{"line":272,"column":60}},{"start":{"line":272,"column":64},"end":{"line":272,"column":66}}],"line":272},"47":{"loc":{"start":{"line":275,"column":6},"end":{"line":277,"column":7}},"type":"if","locations":[{"start":{"line":275,"column":6},"end":{"line":277,"column":7}},{"start":{},"end":{}}],"line":275},"48":{"loc":{"start":{"line":275,"column":10},"end":{"line":275,"column":47}},"type":"binary-expr","locations":[{"start":{"line":275,"column":10},"end":{"line":275,"column":20}},{"start":{"line":275,"column":25},"end":{"line":275,"column":30}},{"start":{"line":275,"column":34},"end":{"line":275,"column":46}}],"line":275},"49":{"loc":{"start":{"line":281,"column":6},"end":{"line":283,"column":7}},"type":"if","locations":[{"start":{"line":281,"column":6},"end":{"line":283,"column":7}},{"start":{},"end":{}}],"line":281},"50":{"loc":{"start":{"line":285,"column":28},"end":{"line":285,"column":63}},"type":"cond-expr","locations":[{"start":{"line":285,"column":35},"end":{"line":285,"column":58}},{"start":{"line":285,"column":61},"end":{"line":285,"column":63}}],"line":285},"51":{"loc":{"start":{"line":288,"column":6},"end":{"line":290,"column":7}},"type":"if","locations":[{"start":{"line":288,"column":6},"end":{"line":290,"column":7}},{"start":{},"end":{}}],"line":288},"52":{"loc":{"start":{"line":288,"column":10},"end":{"line":288,"column":79}},"type":"binary-expr","locations":[{"start":{"line":288,"column":10},"end":{"line":288,"column":19}},{"start":{"line":288,"column":23},"end":{"line":288,"column":43}},{"start":{"line":288,"column":47},"end":{"line":288,"column":79}}],"line":288},"53":{"loc":{"start":{"line":321,"column":6},"end":{"line":321,"column":70}},"type":"if","locations":[{"start":{"line":321,"column":6},"end":{"line":321,"column":70}},{"start":{},"end":{}}],"line":321},"54":{"loc":{"start":{"line":325,"column":6},"end":{"line":329,"column":7}},"type":"if","locations":[{"start":{"line":325,"column":6},"end":{"line":329,"column":7}},{"start":{},"end":{}}],"line":325},"55":{"loc":{"start":{"line":325,"column":10},"end":{"line":325,"column":75}},"type":"binary-expr","locations":[{"start":{"line":325,"column":10},"end":{"line":325,"column":20}},{"start":{"line":325,"column":24},"end":{"line":325,"column":50}},{"start":{"line":325,"column":54},"end":{"line":325,"column":75}}],"line":325},"56":{"loc":{"start":{"line":328,"column":8},"end":{"line":328,"column":67}},"type":"if","locations":[{"start":{"line":328,"column":8},"end":{"line":328,"column":67}},{"start":{},"end":{}}],"line":328},"57":{"loc":{"start":{"line":328,"column":24},"end":{"line":328,"column":66}},"type":"binary-expr","locations":[{"start":{"line":328,"column":24},"end":{"line":328,"column":39}},{"start":{"line":328,"column":43},"end":{"line":328,"column":60}},{"start":{"line":328,"column":64},"end":{"line":328,"column":66}}],"line":328},"58":{"loc":{"start":{"line":331,"column":6},"end":{"line":333,"column":7}},"type":"if","locations":[{"start":{"line":331,"column":6},"end":{"line":333,"column":7}},{"start":{},"end":{}}],"line":331},"59":{"loc":{"start":{"line":331,"column":10},"end":{"line":331,"column":47}},"type":"binary-expr","locations":[{"start":{"line":331,"column":10},"end":{"line":331,"column":20}},{"start":{"line":331,"column":25},"end":{"line":331,"column":30}},{"start":{"line":331,"column":34},"end":{"line":331,"column":46}}],"line":331},"60":{"loc":{"start":{"line":337,"column":6},"end":{"line":339,"column":7}},"type":"if","locations":[{"start":{"line":337,"column":6},"end":{"line":339,"column":7}},{"start":{},"end":{}}],"line":337},"61":{"loc":{"start":{"line":341,"column":28},"end":{"line":341,"column":63}},"type":"cond-expr","locations":[{"start":{"line":341,"column":35},"end":{"line":341,"column":58}},{"start":{"line":341,"column":61},"end":{"line":341,"column":63}}],"line":341},"62":{"loc":{"start":{"line":355,"column":6},"end":{"line":357,"column":7}},"type":"if","locations":[{"start":{"line":355,"column":6},"end":{"line":357,"column":7}},{"start":{},"end":{}}],"line":355},"63":{"loc":{"start":{"line":361,"column":6},"end":{"line":363,"column":7}},"type":"if","locations":[{"start":{"line":361,"column":6},"end":{"line":363,"column":7}},{"start":{},"end":{}}],"line":361},"64":{"loc":{"start":{"line":377,"column":6},"end":{"line":377,"column":70}},"type":"if","locations":[{"start":{"line":377,"column":6},"end":{"line":377,"column":70}},{"start":{},"end":{}}],"line":377},"65":{"loc":{"start":{"line":379,"column":17},"end":{"line":379,"column":30}},"type":"binary-expr","locations":[{"start":{"line":379,"column":17},"end":{"line":379,"column":24}},{"start":{"line":379,"column":28},"end":{"line":379,"column":30}}],"line":379},"66":{"loc":{"start":{"line":381,"column":6},"end":{"line":386,"column":7}},"type":"if","locations":[{"start":{"line":381,"column":6},"end":{"line":386,"column":7}},{"start":{},"end":{}}],"line":381},"67":{"loc":{"start":{"line":381,"column":10},"end":{"line":381,"column":75}},"type":"binary-expr","locations":[{"start":{"line":381,"column":10},"end":{"line":381,"column":20}},{"start":{"line":381,"column":24},"end":{"line":381,"column":50}},{"start":{"line":381,"column":54},"end":{"line":381,"column":75}}],"line":381},"68":{"loc":{"start":{"line":384,"column":8},"end":{"line":384,"column":67}},"type":"if","locations":[{"start":{"line":384,"column":8},"end":{"line":384,"column":67}},{"start":{},"end":{}}],"line":384},"69":{"loc":{"start":{"line":385,"column":15},"end":{"line":385,"column":59}},"type":"binary-expr","locations":[{"start":{"line":385,"column":15},"end":{"line":385,"column":30}},{"start":{"line":385,"column":34},"end":{"line":385,"column":51}},{"start":{"line":385,"column":55},"end":{"line":385,"column":59}}],"line":385},"70":{"loc":{"start":{"line":388,"column":6},"end":{"line":388,"column":159}},"type":"if","locations":[{"start":{"line":388,"column":6},"end":{"line":388,"column":159}},{"start":{},"end":{}}],"line":388},"71":{"loc":{"start":{"line":388,"column":10},"end":{"line":388,"column":31}},"type":"binary-expr","locations":[{"start":{"line":388,"column":10},"end":{"line":388,"column":15}},{"start":{"line":388,"column":19},"end":{"line":388,"column":31}}],"line":388},"72":{"loc":{"start":{"line":392,"column":6},"end":{"line":394,"column":7}},"type":"if","locations":[{"start":{"line":392,"column":6},"end":{"line":394,"column":7}},{"start":{},"end":{}}],"line":392},"73":{"loc":{"start":{"line":409,"column":6},"end":{"line":409,"column":70}},"type":"if","locations":[{"start":{"line":409,"column":6},"end":{"line":409,"column":70}},{"start":{},"end":{}}],"line":409},"74":{"loc":{"start":{"line":411,"column":17},"end":{"line":411,"column":30}},"type":"binary-expr","locations":[{"start":{"line":411,"column":17},"end":{"line":411,"column":24}},{"start":{"line":411,"column":28},"end":{"line":411,"column":30}}],"line":411},"75":{"loc":{"start":{"line":413,"column":6},"end":{"line":418,"column":7}},"type":"if","locations":[{"start":{"line":413,"column":6},"end":{"line":418,"column":7}},{"start":{},"end":{}}],"line":413},"76":{"loc":{"start":{"line":413,"column":10},"end":{"line":413,"column":75}},"type":"binary-expr","locations":[{"start":{"line":413,"column":10},"end":{"line":413,"column":20}},{"start":{"line":413,"column":24},"end":{"line":413,"column":50}},{"start":{"line":413,"column":54},"end":{"line":413,"column":75}}],"line":413},"77":{"loc":{"start":{"line":416,"column":8},"end":{"line":416,"column":67}},"type":"if","locations":[{"start":{"line":416,"column":8},"end":{"line":416,"column":67}},{"start":{},"end":{}}],"line":416},"78":{"loc":{"start":{"line":417,"column":15},"end":{"line":417,"column":59}},"type":"binary-expr","locations":[{"start":{"line":417,"column":15},"end":{"line":417,"column":30}},{"start":{"line":417,"column":34},"end":{"line":417,"column":51}},{"start":{"line":417,"column":55},"end":{"line":417,"column":59}}],"line":417},"79":{"loc":{"start":{"line":420,"column":6},"end":{"line":420,"column":159}},"type":"if","locations":[{"start":{"line":420,"column":6},"end":{"line":420,"column":159}},{"start":{},"end":{}}],"line":420},"80":{"loc":{"start":{"line":420,"column":10},"end":{"line":420,"column":31}},"type":"binary-expr","locations":[{"start":{"line":420,"column":10},"end":{"line":420,"column":15}},{"start":{"line":420,"column":19},"end":{"line":420,"column":31}}],"line":420},"81":{"loc":{"start":{"line":424,"column":6},"end":{"line":426,"column":7}},"type":"if","locations":[{"start":{"line":424,"column":6},"end":{"line":426,"column":7}},{"start":{},"end":{}}],"line":424},"82":{"loc":{"start":{"line":441,"column":6},"end":{"line":441,"column":70}},"type":"if","locations":[{"start":{"line":441,"column":6},"end":{"line":441,"column":70}},{"start":{},"end":{}}],"line":441},"83":{"loc":{"start":{"line":445,"column":6},"end":{"line":449,"column":7}},"type":"if","locations":[{"start":{"line":445,"column":6},"end":{"line":449,"column":7}},{"start":{},"end":{}}],"line":445},"84":{"loc":{"start":{"line":445,"column":10},"end":{"line":445,"column":75}},"type":"binary-expr","locations":[{"start":{"line":445,"column":10},"end":{"line":445,"colum
[...]
sers\\NISHAD\\OneDrive\\Desktop\\CampusOs\\server\\utils\\helpers.js": {"path":"C:\\Users\\NISHAD\\OneDrive\\Desktop\\CampusOs\\server\\utils\\helpers.js","statementMap":{"0":{"start":{"line":1,"column":21},"end":{"line":8,"column":1}},"1":{"start":{"line":2,"column":2},"end":{"line":7,"column":24}},"2":{"start":{"line":10,"column":21},"end":{"line":13,"column":1}},"3":{"start":{"line":11,"column":2},"end":{"line":11,"column":53}},"4":{"start":{"line":11,"column":41},"end":{"line":11,"column":53}},"5":{"start":{"line":12,"column":2},"end":{"line":12,"column":46}},"6":{"start":{"line":15,"column":23},"end":{"line":21,"column":1}},"7":{"start":{"line":16,"column":2},"end":{"line":16,"column":36}},"8":{"start":{"line":16,"column":19},"end":{"line":16,"column":36}},"9":{"start":{"line":17,"column":12},"end":{"line":17,"column":16}},"10":{"start":{"line":18,"column":16},"end":{"line":18,"column":49}},"11":{"start":{"line":19,"column":12},"end":{"line":19,"column":53}},"12":{"start":{"line":20,"column":2},"end":{"line":20,"column":74}},"13":{"start":{"line":23,"column":25},"end":{"line":25,"column":1}},"14":{"start":{"line":24,"column":2},"end":{"line":24,"column":81}},"15":{"start":{"line":27,"column":31},"end":{"line":32,"column":1}},"16":{"start":{"line":28,"column":20},"end":{"line":28,"column":30}},"17":{"start":{"line":29,"column":24},"end":{"line":29,"column":110}},"18":{"start":{"line":30,"column":14},"end":{"line":30,"column":44}},"19":{"start":{"line":31,"column":2},"end":{"line":31,"column":58}},"20":{"start":{"line":34,"column":17},"end":{"line":37,"column":1}},"21":{"start":{"line":35,"column":15},"end":{"line":35,"column":33}},"22":{"start":{"line":36,"column":2},"end":{"line":36,"column":31}},"23":{"start":{"line":39,"column":28},"end":{"line":42,"column":1}},"24":{"start":{"line":40,"column":2},"end":{"line":40,"column":28}},"25":{"start":{"line":40,"column":19},"end":{"line":40,"column":28}},"26":{"start":{"line":41,"column":2},"end":{"line":41,"column":43}},"27":{"start":{"line":44,"column":0},"end":{"line":52,"column":2}}},"fnMap":{"0":{"name":"(anonymous_0)","decl":{"start":{"line":1,"column":21},"end":{"line":1,"column":22}},"loc":{"start":{"line":1,"column":31},"end":{"line":8,"column":1}},"line":1},"1":{"name":"(anonymous_1)","decl":{"start":{"line":10,"column":21},"end":{"line":10,"column":22}},"loc":{"start":{"line":10,"column":42},"end":{"line":13,"column":1}},"line":10},"2":{"name":"(anonymous_2)","decl":{"start":{"line":15,"column":23},"end":{"line":15,"column":24}},"loc":{"start":{"line":15,"column":34},"end":{"line":21,"column":1}},"line":15},"3":{"name":"(anonymous_3)","decl":{"start":{"line":23,"column":25},"end":{"line":23,"column":26}},"loc":{"start":{"line":23,"column":39},"end":{"line":25,"column":1}},"line":23},"4":{"name":"(anonymous_4)","decl":{"start":{"line":27,"column":31},"end":{"line":27,"column":32}},"loc":{"start":{"line":27,"column":57},"end":{"line":32,"column":1}},"line":27},"5":{"name":"(anonymous_5)","decl":{"start":{"line":34,"column":17},"end":{"line":34,"column":18}},"loc":{"start":{"line":34,"column":43},"end":{"line":37,"column":1}},"line":34},"6":{"name":"(anonymous_6)","decl":{"start":{"line":39,"column":28},"end":{"line":39,"column":29}},"loc":{"start":{"line":39,"column":46},"end":{"line":42,"column":1}},"line":39}},"branchMap":{"0":{"loc":{"start":{"line":11,"column":2},"end":{"line":11,"column":53}},"type":"if","locations":[{"start":{"line":11,"column":2},"end":{"line":11,"column":53}},{"start":{},"end":{}}],"line":11},"1":{"loc":{"start":{"line":11,"column":6},"end":{"line":11,"column":39}},"type":"binary-expr","locations":[{"start":{"line":11,"column":6},"end":{"line":11,"column":11}},{"start":{"line":11,"column":15},"end":{"line":11,"column":39}}],"line":11},"2":{"loc":{"start":{"line":16,"column":2},"end":{"line":16,"column":36}},"type":"if","locations":[{"start":{"line":16,"column":2},"end":{"line":16,"column":36}},{"start":{},"end":{}}],"line":16},"3":{"loc":{"start":{"line":29,"column":37},"end":{"line":29,"column":109}},"type":"binary-expr","locations":[{"start":{"line":29,"column":37},"end":{"line":29,"column":93}},{"start":{"line":29,"column":97},"end":{"line":29,"column":109}}],"line":29},"4":{"loc":{"start":{"line":34,"column":18},"end":{"line":34,"column":26}},"type":"default-arg","locations":[{"start":{"line":34,"column":25},"end":{"line":34,"column":26}}],"line":34},"5":{"loc":{"start":{"line":34,"column":28},"end":{"line":34,"column":38}},"type":"default-arg","locations":[{"start":{"line":34,"column":36},"end":{"line":34,"column":38}}],"line":34},"6":{"loc":{"start":{"line":40,"column":2},"end":{"line":40,"column":28}},"type":"if","locations":[{"start":{"line":40,"column":2},"end":{"line":40,"column":28}},{"start":{},"end":{}}],"line":40}},"s":{"0":2,"1":0,"2":2,"3":0,"4":0,"5":0,"6":2,"7":0,"8":0,"9":0,"10":0,"11":0,"12":0,"13":2,"14":0,"15":2,"16":0,"17":0,"18":0,"19":0,"20":2,"21":0,"22":0,"23":2,"24":0,"25":0,"26":0,"27":2},"f":{"0":0,"1":0,"2":0,"3":0,"4":0,"5":0,"6":0},"b":{"0":[0,0],"1":[0,0],"2":[0,0],"3":[0,0],"4":[0],"5":[0],"6":[0,0]},"_coverageSchema":"1a1c01bbd47fc00a2c39e90264f33305004495a9","hash":"d67dbfa625b6b462cead6d0f4bcd7582bd17fd8a"}
,"C:\\Users\\NISHAD\\OneDrive\\Desktop\\CampusOs\\server\\utils\\logger.js": {"path":"C:\\Users\\NISHAD\\OneDrive\\Desktop\\CampusOs\\server\\utils\\logger.js","statementMap":{"0":{"start":{"line":1,"column":45},"end":{"line":1,"column":63}},"1":{"start":{"line":2,"column":13},"end":{"line":2,"column":28}},"2":{"start":{"line":4,"column":57},"end":{"line":4,"column":63}},"3":{"start":{"line":7,"column":18},"end":{"line":9,"column":2}},"4":{"start":{"line":8,"column":2},"end":{"line":8,"column":56}},"5":{"start":{"line":12,"column":15},"end":{"line":42,"column":2}},"6":{"start":{"line":44,"column":0},"end":{"line":44,"column":24}}},"fnMap":{"0":{"name":"(anonymous_0)","decl":{"start":{"line":7,"column":25},"end":{"line":7,"column":26}},"loc":{"start":{"line":7,"column":67},"end":{"line":9,"column":1}},"line":7}},"branchMap":{"0":{"loc":{"start":{"line":8,"column":37},"end":{"line":8,"column":53}},"type":"binary-expr","locations":[{"start":{"line":8,"column":37},"end":{"line":8,"column":42}},{"start":{"line":8,"column":46},"end":{"line":8,"column":53}}],"line":8},"1":{"loc":{"start":{"line":13,"column":9},"end":{"line":13,"column":65}},"type":"cond-expr","locations":[{"start":{"line":13,"column":49},"end":{"line":13,"column":55}},{"start":{"line":13,"column":58},"end":{"line":13,"column":65}}],"line":13}},"s":{"0":2,"1":2,"2":2,"3":2,"4":18,"5":2,"6":2},"f":{"0":18},"b":{"0":[18,16],"1":[0,2]},"_coverageSchema":"1a1c01bbd47fc00a2c39e90264f33305004495a9","hash":"7dcd0f142c9e4a42cb1ecb5235449c2b23b3c422"}
,"C:\\Users\\NISHAD\\OneDrive\\Desktop\\CampusOs\\server\\utils\\response.js": {"path":"C:\\Users\\NISHAD\\OneDrive\\Desktop\\CampusOs\\server\\utils\\response.js","statementMap":{"0":{"start":{"line":13,"column":20},"end":{"line":36,"column":1}},"1":{"start":{"line":14,"column":19},"end":{"line":14,"column":22}},"2":{"start":{"line":14,"column":34},"end":{"line":14,"column":43}},"3":{"start":{"line":14,"column":52},"end":{"line":14,"column":56}},"4":{"start":{"line":16,"column":2},"end":{"line":24,"column":3}},"5":{"start":{"line":17,"column":4},"end":{"line":17,"column":22}},"6":{"start":{"line":18,"column":4},"end":{"line":18,"column":32}},"7":{"start":{"line":19,"column":4},"end":{"line":19,"column":44}},"8":{"start":{"line":20,"column":9},"end":{"line":24,"column":3}},"9":{"start":{"line":21,"column":4},"end":{"line":21,"column":19}},"10":{"start":{"line":22,"column":4},"end":{"line":22,"column":44}},"11":{"start":{"line":23,"column":4},"end":{"line":23,"column":29}},"12":{"start":{"line":26,"column":19},"end":{"line":29,"column":3}},"13":{"start":{"line":31,"column":2},"end":{"line":33,"column":3}},"14":{"start":{"line":32,"column":4},"end":{"line":32,"column":25}},"15":{"start":{"line":35,"column":2},"end":{"line":35,"column":47}},"16":{"start":{"line":38,"column":18},"end":{"line":61,"column":1}},"17":{"start":{"line":39,"column":19},"end":{"line":39,"column":22}},"18":{"start":{"line":39,"column":34},"end":{"line":39,"column":57}},"19":{"start":{"line":39,"column":67},"end":{"line":39,"column":71}},"20":{"start":{"line":41,"column":2},"end":{"line":49,"column":3}},"21":{"start":{"line":42,"column":4},"end":{"line":42,"column":22}},"22":{"start":{"line":43,"column":4},"end":{"line":43,"column":46}},"23":{"start":{"line":44,"column":4},"end":{"line":44,"column":45}},"24":{"start":{"line":45,"column":9},"end":{"line":49,"column":3}},"25":{"start":{"line":46,"column":4},"end":{"line":46,"column":19}},"26":{"start":{"line":47,"column":4},"end":{"line":47,"column":91}},"27":{"start":{"line":48,"column":4},"end":{"line":48,"column":51}},"28":{"start":{"line":51,"column":19},"end":{"line":54,"column":3}},"29":{"start":{"line":56,"column":2},"end":{"line":58,"column":3}},"30":{"start":{"line":57,"column":4},"end":{"line":57,"column":80}},"31":{"start":{"line":60,"column":2},"end":{"line":60,"column":47}},"32":{"start":{"line":63,"column":0},"end":{"line":63,"column":44}}},"fnMap":{"0":{"name":"(anonymous_0)","decl":{"start":{"line":13,"column":20},"end":{"line":13,"column":21}},"loc":{"start":{"line":13,"column":47},"end":{"line":36,"column":1}},"line":13},"1":{"name":"(anonymous_1)","decl":{"start":{"line":38,"column":18},"end":{"line":38,"column":19}},"loc":{"start":{"line":38,"column":45},"end":{"line":61,"column":1}},"line":38}},"branchMap":{"0":{"loc":{"start":{"line":16,"column":2},"end":{"line":24,"column":3}},"type":"if","locations":[{"start":{"line":16,"column":2},"end":{"line":24,"column":3}},{"start":{"line":20,"column":9},"end":{"line":24,"column":3}}],"line":16},"1":{"loc":{"start":{"line":18,"column":14},"end":{"line":18,"column":31}},"type":"binary-expr","locations":[{"start":{"line":18,"column":14},"end":{"line":18,"column":18}},{"start":{"line":18,"column":22},"end":{"line":18,"column":31}}],"line":18},"2":{"loc":{"start":{"line":19,"column":11},"end":{"line":19,"column":43}},"type":"cond-expr","locations":[{"start":{"line":19,"column":32},"end":{"line":19,"column":36}},{"start":{"line":19,"column":39},"end":{"line":19,"column":43}}],"line":19},"3":{"loc":{"start":{"line":20,"column":9},"end":{"line":24,"column":3}},"type":"if","locations":[{"start":{"line":20,"column":9},"end":{"line":24,"column":3}},{"start":{},"end":{}}],"line":20},"4":{"loc":{"start":{"line":22,"column":11},"end":{"line":22,"column":43}},"type":"cond-expr","locations":[{"start":{"line":22,"column":32},"end":{"line":22,"column":36}},{"start":{"line":22,"column":39},"end":{"line":22,"column":43}}],"line":22},"5":{"loc":{"start":{"line":23,"column":17},"end":{"line":23,"column":28}},"type":"binary-expr","locations":[{"start":{"line":23,"column":17},"end":{"line":23,"column":21}},{"start":{"line":23,"column":25},"end":{"line":23,"column":28}}],"line":23},"6":{"loc":{"start":{"line":31,"column":2},"end":{"line":33,"column":3}},"type":"if","locations":[{"start":{"line":31,"column":2},"end":{"line":33,"column":3}},{"start":{},"end":{}}],"line":31},"7":{"loc":{"start":{"line":31,"column":6},"end":{"line":31,"column":41}},"type":"binary-expr","locations":[{"start":{"line":31,"column":6},"end":{"line":31,"column":19}},{"start":{"line":31,"column":23},"end":{"line":31,"column":41}}],"line":31},"8":{"loc":{"start":{"line":41,"column":2},"end":{"line":49,"column":3}},"type":"if","locations":[{"start":{"line":41,"column":2},"end":{"line":49,"column":3}},{"start":{"line":45,"column":9},"end":{"line":49,"column":3}}],"line":41},"9":{"loc":{"start":{"line":43,"column":14},"end":{"line":43,"column":45}},"type":"binary-expr","locations":[{"start":{"line":43,"column":14},"end":{"line":43,"column":18}},{"start":{"line":43,"column":22},"end":{"line":43,"column":45}}],"line":43},"10":{"loc":{"start":{"line":44,"column":12},"end":{"line":44,"column":44}},"type":"cond-expr","locations":[{"start":{"line":44,"column":33},"end":{"line":44,"column":37}},{"start":{"line":44,"column":40},"end":{"line":44,"column":44}}],"line":44},"11":{"loc":{"start":{"line":45,"column":9},"end":{"line":49,"column":3}},"type":"if","locations":[{"start":{"line":45,"column":9},"end":{"line":49,"column":3}},{"start":{},"end":{}}],"line":45},"12":{"loc":{"start":{"line":47,"column":17},"end":{"line":47,"column":90}},"type":"cond-expr","locations":[{"start":{"line":47,"column":44},"end":{"line":47,"column":48}},{"start":{"line":47,"column":52},"end":{"line":47,"column":89}}],"line":47},"13":{"loc":{"start":{"line":47,"column":52},"end":{"line":47,"column":89}},"type":"cond-expr","locations":[{"start":{"line":47,"column":79},"end":{"line":47,"column":83}},{"start":{"line":47,"column":86},"end":{"line":47,"column":89}}],"line":47},"14":{"loc":{"start":{"line":48,"column":12},"end":{"line":48,"column":50}},"type":"cond-expr","locations":[{"start":{"line":48,"column":39},"end":{"line":48,"column":43}},{"start":{"line":48,"column":46},"end":{"line":48,"column":50}}],"line":48},"15":{"loc":{"start":{"line":56,"column":2},"end":{"line":58,"column":3}},"type":"if","locations":[{"start":{"line":56,"column":2},"end":{"line":58,"column":3}},{"start":{},"end":{}}],"line":56},"16":{"loc":{"start":{"line":56,"column":6},"end":{"line":56,"column":43}},"type":"binary-expr","locations":[{"start":{"line":56,"column":6},"end":{"line":56,"column":20}},{"start":{"line":56,"column":24},"end":{"line":56,"column":43}}],"line":56},"17":{"loc":{"start":{"line":57,"column":21},"end":{"line":57,"column":79}},"type":"cond-expr","locations":[{"start":{"line":57,"column":62},"end":{"line":57,"column":67}},{"start":{"line":57,"column":70},"end":{"line":57,"column":79}}],"line":57}},"s":{"0":2,"1":7,"2":7,"3":7,"4":7,"5":0,"6":0,"7":0,"8":7,"9":7,"10":7,"11":7,"12":7,"13":7,"14":7,"15":7,"16":2,"17":0,"18":0,"19":0,"20":0,"21":0,"22":0,"23":0,"24":0,"25":0,"26":0,"27":0,"28":0,"29":0,"30":0,"31":0,"32":2},"f":{"0":7,"1":0},"b":{"0":[0,7],"1":[0,0],"2":[0,0],"3":[7,0],"4":[7,0],"5":[7,0],"6":[7,0],"7":[7,7],"8":[0,0],"9":[0,0],"10":[0,0],"11":[0,0],"12":[0,0],"13":[0,0],"14":[0,0],"15":[0,0],"16":[0,0],"17":[0,0]},"_coverageSchema":"1a1c01bbd47fc00a2c39e90264f33305004495a9","hash":"cbd3cbc790eaf7d7e708a8038b8936679ab5cc31"}
,"C:\\Users\\NISHAD\\OneDrive\\Desktop\\CampusOs\\server\\utils\\validator.js": {"path":"C:\\Users\\NISHAD\\OneDrive\\Desktop\\CampusOs\\server\\utils\\validator.js","statementMap":{"0":{"start":{"line":11,"column":21},"end":{"line":14,"column":1}},"1":{"start":{"line":12,"column":21},"end":{"line":12,"column":71}},"2":{"start":{"line":13,"column":2},"end":{"line":13,"column":32}},"3":{"start":{"line":22,"column":24},"end":{"line":27,"column":1}},"4":{"start":{"line":23,"column":2},"end":{"line":23,"column":53}},"5":{"start":{"line":23,"column":40},"end":{"line":23,"column":53}},"6":{"start":{"line":24,"column":20},"end":{"line":24,"column":45}},"7":{"start":{"line":25,"column":20},"end":{"line":25,"column":42}},"8":{"start":{"line":26,"column":2},"end":{"line":26,"column":32}},"9":{"start":{"line":34,"column":25},"end":{"line":36,"column":1}},"10":{"start":{"line":35,"column":2},"end":{"line":35,"column":58}},"11":{"start":{"line":43,"column":24},"end":{"line":45,"column":1}},"12":{"start":{"line":44,"column":2},"end":{"line":44,"column":38}},"13":{"start":{"line":54,"column":25},"end":{"line":61,"column":1}},"14":{"start":{"line":55,"column":2},"end":{"line":60,"column":5}},"15":{"start":{"line":56,"column":18},"end":{"line":56,"column":29}},"16":{"start":{"line":57,"column":4},"end":{"line":57,"column":59}},"17":{"start":{"line":57,"column":47},"end":{"line":57,"column":59}},"18":{"start":{"line":58,"column":4},"end":{"line":58,"column":76}},"19":{"start":{"line":58,"column":64},"end":{"line":58,"column":76}},"20":{"start":{"line":59,"column":4},"end":{"line":59,"column":17}},"21":{"start":{"line":68,"column":23},"end":{"line":75,"column":1}},"22":{"start":{"line":69,"column":2},"end":{"line":69,"column":41}},"23":{"start":{"line":69,"column":31},"end":{"line":69,"column":41}},"24":{"start":{"line":70,"column":2},"end":{"line":74,"column":27}},"25":{"start":{"line":77,"column":0},"end":{"line":84,"column":2}}},"fnMap":{"0":{"name":"(anonymous_0)","decl":{"start":{"line":11,"column":21},"end":{"line":11,"column":22}},"loc":{"start":{"line":11,"column":32},"end":{"line":14,"column":1}},"line":11},"1":{"name":"(anonymous_1)","decl":{"start":{"line":22,"column":24},"end":{"line":22,"column":25}},"loc":{"start":{"line":22,"column":38},"end":{"line":27,"column":1}},"line":22},"2":{"name":"(anonymous_2)","decl":{"start":{"line":34,"column":25},"end":{"line":34,"column":26}},"loc":{"start":{"line":34,"column":34},"end":{"line":36,"column":1}},"line":34},"3":{"name":"(anonymous_3)","decl":{"start":{"line":43,"column":24},"end":{"line":43,"column":25}},"loc":{"start":{"line":43,"column":32},"end":{"line":45,"column":1}},"line":43},"4":{"name":"(anonymous_4)","decl":{"start":{"line":54,"column":25},"end":{"line":54,"column":26}},"loc":{"start":{"line":54,"column":43},"end":{"line":61,"column":1}},"line":54},"5":{"name":"(anonymous_5)","decl":{"start":{"line":55,"column":23},"end":{"line":55,"column":24}},"loc":{"start":{"line":55,"column":34},"end":{"line":60,"column":3}},"line":55},"6":{"name":"(anonymous_6)","decl":{"start":{"line":68,"column":23},"end":{"line":68,"column":24}},"loc":{"start":{"line":68,"column":32},"end":{"line":75,"column":1}},"line":68}},"branchMap":{"0":{"loc":{"start":{"line":23,"column":2},"end":{"line":23,"column":53}},"type":"if","locations":[{"start":{"line":23,"column":2},"end":{"line":23,"column":53}},{"start":{},"end":{}}],"line":23},"1":{"loc":{"start":{"line":23,"column":6},"end":{"line":23,"column":38}},"type":"binary-expr","locations":[{"start":{"line":23,"column":6},"end":{"line":23,"column":15}},{"start":{"line":23,"column":19},"end":{"line":23,"column":38}}],"line":23},"2":{"loc":{"start":{"line":26,"column":9},"end":{"line":26,"column":31}},"type":"binary-expr","locations":[{"start":{"line":26,"column":9},"end":{"line":26,"column":18}},{"start":{"line":26,"column":22},"end":{"line":26,"column":31}}],"line":26},"3":{"loc":{"start":{"line":35,"column":9},"end":{"line":35,"column":57}},"type":"binary-expr","locations":[{"start":{"line":35,"column":9},"end":{"line":35,"column":32}},{"start":{"line":35,"column":36},"end":{"line":35,"column":57}}],"line":35},"4":{"loc":{"start":{"line":57,"column":4},"end":{"line":57,"column":59}},"type":"if","locations":[{"start":{"line":57,"column":4},"end":{"line":57,"column":59}},{"start":{},"end":{}}],"line":57},"5":{"loc":{"start":{"line":57,"column":8},"end":{"line":57,"column":45}},"type":"binary-expr","locations":[{"start":{"line":57,"column":8},"end":{"line":57,"column":27}},{"start":{"line":57,"column":31},"end":{"line":57,"column":45}}],"line":57},"6":{"loc":{"start":{"line":58,"column":4},"end":{"line":58,"column":76}},"type":"if","locations":[{"start":{"line":58,"column":4},"end":{"line":58,"column":76}},{"start":{},"end":{}}],"line":58},"7":{"loc":{"start":{"line":58,"column":8},"end":{"line":58,"column":62}},"type":"binary-expr","locations":[{"start":{"line":58,"column":8},"end":{"line":58,"column":33}},{"start":{"line":58,"column":37},"end":{"line":58,"column":62}}],"line":58},"8":{"loc":{"start":{"line":69,"column":2},"end":{"line":69,"column":41}},"type":"if","locations":[{"start":{"line":69,"column":2},"end":{"line":69,"column":41}},{"start":{},"end":{}}],"line":69}},"s":{"0":2,"1":0,"2":0,"3":2,"4":0,"5":0,"6":0,"7":0,"8":0,"9":2,"10":0,"11":2,"12":0,"13":2,"14":3,"15":9,"16":9,"17":0,"18":9,"19":0,"20":9,"21":2,"22":0,"23":0,"24":0,"25":2},"f":{"0":0,"1":0,"2":0,"3":0,"4":3,"5":9,"6":0},"b":{"0":[0,0],"1":[0,0],"2":[0,0],"3":[0,0],"4":[0,9],"5":[9,9],"6":[0,9],"7":[9,9],"8":[0,0]},"_coverageSchema":"1a1c01bbd47fc00a2c39e90264f33305004495a9","hash":"524069efbfbce8ff2be0bd7a6a81cdfbe615fe52"}
}
