TN:
SF:app.js
FN:43,(anonymous_0)
FN:92,(anonymous_1)
FN:118,(anonymous_2)
FN:125,(anonymous_3)
FNF:4
FNH:2
FNDA:8,(anonymous_0)
FNDA:8,(anonymous_1)
FNDA:0,(anonymous_2)
FNDA:0,(anonymous_3)
DA:1,2
DA:2,2
DA:3,2
DA:4,2
DA:5,2
DA:6,2
DA:8,2
DA:9,2
DA:10,2
DA:13,2
DA:14,2
DA:15,2
DA:16,2
DA:17,2
DA:18,2
DA:20,2
DA:26,2
DA:32,2
DA:36,2
DA:42,2
DA:44,8
DA:45,8
DA:47,0
DA:56,2
DA:66,2
DA:69,2
DA:84,2
DA:85,2
DA:87,2
DA:88,0
DA:90,2
DA:92,8
DA:101,2
DA:107,2
DA:108,2
DA:109,2
DA:110,2
DA:111,2
DA:112,2
DA:118,2
DA:119,0
DA:125,2
DA:126,0
DA:141,2
DA:142,2
DA:144,2
LF:46
LH:42
BRDA:44,0,0,8
BRDA:44,0,1,0
BRDA:44,1,0,8
BRDA:44,1,1,0
BRDA:87,2,0,0
BRDA:87,2,1,2
BRF:6
BRH:3
end_of_record
TN:
SF:config\env.js
FN:68,(anonymous_0)
FNF:1
FNH:1
FNDA:6,(anonymous_0)
DA:1,2
DA:2,2
DA:5,2
DA:7,2
DA:67,2
DA:68,6
DA:70,2
DA:71,0
DA:72,0
DA:75,2
LF:10
LH:8
BRDA:9,0,0,2
BRDA:9,0,1,0
BRDA:10,1,0,2
BRDA:10,1,1,0
BRDA:13,2,0,2
BRDA:13,2,1,0
BRDA:13,3,0,0
BRDA:13,3,1,0
BRDA:14,4,0,2
BRDA:14,4,1,2
BRDA:17,5,0,2
BRDA:17,5,1,0
BRDA:17,6,0,0
BRDA:17,6,1,0
BRDA:18,7,0,2
BRDA:18,7,1,0
BRDA:18,7,2,0
BRDA:18,8,0,0
BRDA:18,8,1,0
BRDA:19,9,0,2
BRDA:19,9,1,0
BRDA:20,10,0,2
BRDA:20,10,1,0
BRDA:23,11,0,2
BRDA:23,11,1,0
BRDA:28,12,0,2
BRDA:28,12,1,0
BRDA:29,13,0,2
BRDA:29,13,1,0
BRDA:33,14,0,2
BRDA:33,14,1,0
BRDA:34,15,0,2
BRDA:34,15,1,0
BRDA:40,16,0,2
BRDA:40,16,1,0
BRDA:41,17,0,2
BRDA:41,17,1,0
BRDA:42,18,0,2
BRDA:42,18,1,0
BRDA:70,19,0,0
BRDA:70,19,1,2
BRF:41
BRH:18
end_of_record
TN:
SF:config\multer.js
FN:9,(anonymous_0)
FN:17,(anonymous_1)
FN:24,(anonymous_2)
FN:31,(anonymous_3)
FNF:4
FNH:1
FNDA:8,(anonymous_0)
FNDA:0,(anonymous_1)
FNDA:0,(anonymous_2)
FNDA:0,(anonymous_3)
DA:1,2
DA:2,2
DA:3,2
DA:4,2
DA:6,2
DA:7,2
DA:9,2
DA:10,8
DA:11,8
DA:12,0
DA:16,2
DA:18,0
DA:19,0
DA:20,0
DA:22,0
DA:25,0
DA:26,0
DA:27,0
DA:31,2
DA:32,0
DA:38,0
DA:40,0
DA:42,0
DA:43,0
DA:45,0
DA:49,2
DA:55,2
DA:57,2
LF:28
LH:14
BRDA:11,0,0,0
BRDA:11,0,1,8
BRDA:19,1,0,0
BRDA:19,1,1,0
BRDA:19,2,0,0
BRDA:19,2,1,0
BRDA:25,3,0,0
BRDA:25,3,1,0
BRDA:42,4,0,0
BRDA:42,4,1,0
BRDA:42,5,0,0
BRDA:42,5,1,0
BRF:12
BRH:1
end_of_record
TN:
SF:config\redis.js
FN:11,(anonymous_0)
FN:22,(anonymous_1)
FN:31,(anonymous_2)
FN:36,(anonymous_3)
FN:44,(anonymous_4)
FN:45,(anonymous_5)
FNF:6
FNH:4
FNDA:6,(anonymous_0)
FNDA:0,(anonymous_1)
FNDA:6,(anonymous_2)
FNDA:6,(anonymous_3)
FNDA:4,(anonymous_4)
FNDA:0,(anonymous_5)
DA:1,2
DA:2,2
DA:3,2
DA:5,2
DA:6,2
DA:8,2
DA:9,2
DA:12,6
DA:14,1
DA:16,5
DA:22,2
DA:23,0
DA:24,0
DA:25,0
DA:27,0
DA:31,2
DA:32,6
DA:36,2
DA:37,6
DA:40,0
DA:41,0
DA:44,4
DA:45,2
DA:47,2
LF:24
LH:18
BRDA:12,0,0,1
BRDA:12,0,1,5
BRDA:24,1,0,0
BRDA:24,1,1,0
BRDA:24,2,0,0
BRDA:24,2,1,0
BRDA:44,3,0,0
BRDA:44,3,1,4
BRF:8
BRH:3
end_of_record
TN:
SF:controllers\adminController.js
FN:7,(anonymous_0)
FN:33,(anonymous_1)
FN:64,(anonymous_2)
FN:96,(anonymous_3)
FN:112,(anonymous_4)
FN:133,(anonymous_5)
FN:150,(anonymous_6)
FNF:7
FNH:2
FNDA:1,(anonymous_0)
FNDA:1,(anonymous_1)
FNDA:0,(anonymous_2)
FNDA:0,(anonymous_3)
FNDA:0,(anonymous_4)
FNDA:0,(anonymous_5)
FNDA:0,(anonymous_6)
DA:1,2
DA:2,2
DA:3,2
DA:4,2
DA:8,1
DA:9,1
DA:10,1
DA:11,0
DA:14,1
DA:15,1
DA:16,1
DA:18,1
DA:27,1
DA:29,0
DA:34,1
DA:35,1
DA:36,1
DA:37,0
DA:40,1
DA:41,1
DA:42,0
DA:45,1
DA:46,1
DA:47,1
DA:49,1
DA:58,1
DA:60,0
DA:65,0
DA:66,0
DA:67,0
DA:68,0
DA:69,0
DA:71,0
DA:72,0
DA:73,0
DA:76,0
DA:77,0
DA:79,0
DA:90,0
DA:92,0
DA:97,0
DA:98,0
DA:99,0
DA:100,0
DA:103,0
DA:104,0
DA:106,0
DA:108,0
DA:113,0
DA:114,0
DA:115,0
DA:117,0
DA:118,0
DA:120,0
DA:121,0
DA:122,0
DA:123,0
DA:124,0
DA:126,0
DA:127,0
DA:129,0
DA:134,0
DA:135,0
DA:136,0
DA:138,0
DA:139,0
DA:141,0
DA:142,0
DA:144,0
DA:146,0
DA:151,0
DA:152,0
DA:153,0
DA:155,0
DA:156,0
DA:157,0
DA:158,0
DA:159,0
DA:160,0
DA:168,0
DA:169,0
DA:175,0
DA:176,0
DA:177,0
DA:178,0
DA:180,0
DA:193,0
DA:199,2
LF:88
LH:23
BRDA:10,0,0,0
BRDA:10,0,1,1
BRDA:36,1,0,0
BRDA:36,1,1,1
BRDA:41,2,0,0
BRDA:41,2,1,1
BRDA:66,3,0,0
BRDA:67,4,0,0
BRDA:67,4,1,0
BRDA:67,5,0,0
BRDA:67,5,1,0
BRDA:68,6,0,0
BRDA:68,6,1,0
BRDA:68,7,0,0
BRDA:68,7,1,0
BRDA:69,8,0,0
BRDA:69,8,1,0
BRDA:69,9,0,0
BRDA:69,9,1,0
BRDA:72,10,0,0
BRDA:72,10,1,0
BRDA:77,11,0,0
BRDA:77,11,1,0
BRDA:84,12,0,0
BRDA:84,12,1,0
BRDA:85,13,0,0
BRDA:85,13,1,0
BRDA:90,14,0,0
BRDA:90,14,1,0
BRDA:99,15,0,0
BRDA:99,15,1,0
BRDA:104,16,0,0
BRDA:104,16,1,0
BRDA:118,17,0,0
BRDA:118,17,1,0
BRDA:120,18,0,0
BRDA:120,18,1,0
BRDA:121,19,0,0
BRDA:121,19,1,0
BRDA:122,20,0,0
BRDA:122,20,1,0
BRDA:122,21,0,0
BRDA:122,21,1,0
BRDA:123,22,0,0
BRDA:123,22,1,0
BRDA:124,23,0,0
BRDA:124,23,1,0
BRDA:136,24,0,0
BRDA:136,24,1,0
BRDA:139,25,0,0
BRDA:139,25,1,0
BRDA:152,26,0,0
BRDA:152,27,0,0
BRDA:155,28,0,0
BRDA:155,28,1,0
BRDA:155,29,0,0
BRDA:155,29,1,0
BRDA:156,30,0,0
BRDA:156,30,1,0
BRDA:157,31,0,0
BRDA:157,31,1,0
BRDA:158,32,0,0
BRDA:158,32,1,0
BRDA:158,33,0,0
BRDA:158,33,1,0
BRF:65
BRH:3
end_of_record
TN:
SF:controllers\aiController.js
FN:12,(anonymous_0)
FN:25,(anonymous_1)
FN:82,(anonymous_2)
FN:101,(anonymous_3)
FN:107,(anonymous_4)
FN:174,(anonymous_5)
FN:221,(anonymous_6)
FN:262,(anonymous_7)
FN:318,(anonymous_8)
FN:351,(anonymous_9)
FN:374,(anonymous_10)
FN:406,(anonymous_11)
FN:438,(anonymous_12)
FN:471,(anonymous_13)
FNF:14
FNH:0
FNDA:0,(anonymous_0)
FNDA:0,(anonymous_1)
FNDA:0,(anonymous_2)
FNDA:0,(anonymous_3)
FNDA:0,(anonymous_4)
FNDA:0,(anonymous_5)
FNDA:0,(anonymous_6)
FNDA:0,(anonymous_7)
FNDA:0,(anonymous_8)
FNDA:0,(anonymous_9)
FNDA:0,(anonymous_10)
FNDA:0,(anonymous_11)
FNDA:0,(anonymous_12)
FNDA:0,(anonymous_13)
DA:1,2
DA:2,2
DA:3,2
DA:4,2
DA:5,2
DA:6,2
DA:7,2
DA:8,2
DA:9,2
DA:13,0
DA:14,0
DA:15,0
DA:16,0
DA:17,0
DA:20,0
DA:21,0
DA:23,0
DA:24,0
DA:25,0
DA:26,0
DA:27,0
DA:28,0
DA:29,0
DA:30,0
DA:31,0
DA:35,0
DA:36,0
DA:41,0
DA:50,0
DA:56,0
DA:59,0
DA:61,0
DA:70,0
DA:76,0
DA:78,0
DA:83,0
DA:84,0
DA:85,0
DA:86,0
DA:87,0
DA:91,0
DA:92,0
DA:95,0
DA:96,0
DA:97,0
DA:101,0
DA:107,0
DA:109,0
DA:111,0
DA:112,0
DA:113,0
DA:114,0
DA:116,0
DA:121,0
DA:122,0
DA:123,0
DA:157,0
DA:158,0
DA:164,0
DA:167,0
DA:169,0
DA:175,0
DA:176,0
DA:177,0
DA:178,0
DA:180,0
DA:181,0
DA:182,0
DA:183,0
DA:184,0
DA:187,0
DA:189,0
DA:190,0
DA:191,0
DA:192,0
DA:195,0
DA:196,0
DA:197,0
DA:199,0
DA:200,0
DA:206,0
DA:212,0
DA:215,0
DA:217,0
DA:222,0
DA:223,0
DA:224,0
DA:225,0
DA:227,0
DA:228,0
DA:229,0
DA:230,0
DA:231,0
DA:234,0
DA:236,0
DA:237,0
DA:238,0
DA:239,0
DA:242,0
DA:243,0
DA:244,0
DA:246,0
DA:247,0
DA:253,0
DA:256,0
DA:258,0
DA:263,0
DA:264,0
DA:265,0
DA:267,0
DA:268,0
DA:269,0
DA:270,0
DA:271,0
DA:272,0
DA:275,0
DA:276,0
DA:279,0
DA:280,0
DA:281,0
DA:282,0
DA:285,0
DA:286,0
DA:288,0
DA:289,0
DA:292,0
DA:294,0
DA:295,0
DA:303,0
DA:309,0
DA:312,0
DA:314,0
DA:319,0
DA:320,0
DA:321,0
DA:323,0
DA:324,0
DA:325,0
DA:326,0
DA:327,0
DA:328,0
DA:331,0
DA:332,0
DA:335,0
DA:336,0
DA:337,0
DA:338,0
DA:341,0
DA:342,0
DA:343,0
DA:345,0
DA:347,0
DA:352,0
DA:353,0
DA:354,0
DA:355,0
DA:356,0
DA:359,0
DA:360,0
DA:361,0
DA:362,0
DA:365,0
DA:366,0
DA:368,0
DA:370,0
DA:375,0
DA:376,0
DA:377,0
DA:379,0
DA:380,0
DA:381,0
DA:382,0
DA:383,0
DA:384,0
DA:385,0
DA:388,0
DA:390,0
DA:391,0
DA:392,0
DA:393,0
DA:396,0
DA:397,0
DA:398,0
DA:400,0
DA:402,0
DA:407,0
DA:408,0
DA:409,0
DA:411,0
DA:412,0
DA:413,0
DA:414,0
DA:415,0
DA:416,0
DA:417,0
DA:420,0
DA:422,0
DA:423,0
DA:424,0
DA:425,0
DA:428,0
DA:429,0
DA:430,0
DA:432,0
DA:434,0
DA:439,0
DA:440,0
DA:441,0
DA:443,0
DA:444,0
DA:445,0
DA:446,0
DA:447,0
DA:448,0
DA:451,0
DA:452,0
DA:455,0
DA:456,0
DA:457,0
DA:458,0
DA:461,0
DA:462,0
DA:463,0
DA:465,0
DA:467,0
DA:472,0
DA:473,0
DA:474,0
DA:476,0
DA:477,0
DA:478,0
DA:479,0
DA:480,0
DA:481,0
DA:484,0
DA:485,0
DA:488,0
DA:489,0
DA:490,0
DA:491,0
DA:494,0
DA:495,0
DA:496,0
DA:498,0
DA:500,0
DA:505,2
LF:246
LH:10
BRDA:16,0,0,0
BRDA:16,0,1,0
BRDA:23,1,0,0
BRDA:23,1,1,0
BRDA:23,2,0,0
BRDA:23,2,1,0
BRDA:23,2,2,0
BRDA:25,3,0,0
BRDA:25,3,1,0
BRDA:25,3,2,0
BRDA:27,4,0,0
BRDA:27,4,1,0
BRDA:29,5,0,0
BRDA:29,5,1,0
BRDA:30,6,0,0
BRDA:30,6,1,0
BRDA:30,6,2,0
BRDA:35,7,0,0
BRDA:35,7,1,0
BRDA:35,8,0,0
BRDA:35,8,1,0
BRDA:63,9,0,0
BRDA:63,9,1,0
BRDA:63,10,0,0
BRDA:63,10,1,0
BRDA:86,11,0,0
BRDA:86,11,1,0
BRDA:92,12,0,0
BRDA:92,12,1,0
BRDA:92,13,0,0
BRDA:92,13,1,0
BRDA:96,14,0,0
BRDA:96,14,1,0
BRDA:96,15,0,0
BRDA:96,15,1,0
BRDA:103,16,0,0
BRDA:103,16,1,0
BRDA:104,17,0,0
BRDA:104,17,1,0
BRDA:105,18,0,0
BRDA:105,18,1,0
BRDA:106,19,0,0
BRDA:106,19,1,0
BRDA:106,19,2,0
BRDA:111,20,0,0
BRDA:111,20,1,0
BRDA:114,21,0,0
BRDA:114,21,1,0
BRDA:114,21,2,0
BRDA:121,22,0,0
BRDA:121,22,1,0
BRDA:121,23,0,0
BRDA:121,23,1,0
BRDA:122,24,0,0
BRDA:122,24,1,0
BRDA:122,25,0,0
BRDA:122,25,1,0
BRDA:177,26,0,0
BRDA:177,26,1,0
BRDA:180,27,0,0
BRDA:180,27,1,0
BRDA:180,28,0,0
BRDA:180,28,1,0
BRDA:180,28,2,0
BRDA:183,29,0,0
BRDA:183,29,1,0
BRDA:184,30,0,0
BRDA:184,30,1,0
BRDA:184,30,2,0
BRDA:187,31,0,0
BRDA:187,31,1,0
BRDA:187,32,0,0
BRDA:187,32,1,0
BRDA:191,33,0,0
BRDA:191,33,1,0
BRDA:224,34,0,0
BRDA:224,34,1,0
BRDA:227,35,0,0
BRDA:227,35,1,0
BRDA:227,36,0,0
BRDA:227,36,1,0
BRDA:227,36,2,0
BRDA:230,37,0,0
BRDA:230,37,1,0
BRDA:231,38,0,0
BRDA:231,38,1,0
BRDA:231,38,2,0
BRDA:234,39,0,0
BRDA:234,39,1,0
BRDA:234,40,0,0
BRDA:234,40,1,0
BRDA:238,41,0,0
BRDA:238,41,1,0
BRDA:265,42,0,0
BRDA:265,42,1,0
BRDA:269,43,0,0
BRDA:269,43,1,0
BRDA:269,44,0,0
BRDA:269,44,1,0
BRDA:269,44,2,0
BRDA:272,45,0,0
BRDA:272,45,1,0
BRDA:272,46,0,0
BRDA:272,46,1,0
BRDA:272,46,2,0
BRDA:275,47,0,0
BRDA:275,47,1,0
BRDA:275,48,0,0
BRDA:275,48,1,0
BRDA:275,48,2,0
BRDA:281,49,0,0
BRDA:281,49,1,0
BRDA:285,50,0,0
BRDA:285,50,1,0
BRDA:288,51,0,0
BRDA:288,51,1,0
BRDA:288,52,0,0
BRDA:288,52,1,0
BRDA:288,52,2,0
BRDA:321,53,0,0
BRDA:321,53,1,0
BRDA:325,54,0,0
BRDA:325,54,1,0
BRDA:325,55,0,0
BRDA:325,55,1,0
BRDA:325,55,2,0
BRDA:328,56,0,0
BRDA:328,56,1,0
BRDA:328,57,0,0
BRDA:328,57,1,0
BRDA:328,57,2,0
BRDA:331,58,0,0
BRDA:331,58,1,0
BRDA:331,59,0,0
BRDA:331,59,1,0
BRDA:331,59,2,0
BRDA:337,60,0,0
BRDA:337,60,1,0
BRDA:341,61,0,0
BRDA:341,61,1,0
BRDA:355,62,0,0
BRDA:355,62,1,0
BRDA:361,63,0,0
BRDA:361,63,1,0
BRDA:377,64,0,0
BRDA:377,64,1,0
BRDA:379,65,0,0
BRDA:379,65,1,0
BRDA:381,66,0,0
BRDA:381,66,1,0
BRDA:381,67,0,0
BRDA:381,67,1,0
BRDA:381,67,2,0
BRDA:384,68,0,0
BRDA:384,68,1,0
BRDA:385,69,0,0
BRDA:385,69,1,0
BRDA:385,69,2,0
BRDA:388,70,0,0
BRDA:388,70,1,0
BRDA:388,71,0,0
BRDA:388,71,1,0
BRDA:392,72,0,0
BRDA:392,72,1,0
BRDA:409,73,0,0
BRDA:409,73,1,0
BRDA:411,74,0,0
BRDA:411,74,1,0
BRDA:413,75,0,0
BRDA:413,75,1,0
BRDA:413,76,0,0
BRDA:413,76,1,0
BRDA:413,76,2,0
BRDA:416,77,0,0
BRDA:416,77,1,0
BRDA:417,78,0,0
BRDA:417,78,1,0
BRDA:417,78,2,0
BRDA:420,79,0,0
BRDA:420,79,1,0
BRDA:420,80,0,0
BRDA:420,80,1,0
BRDA:424,81,0,0
BRDA:424,81,1,0
BRDA:441,82,0,0
BRDA:441,82,1,0
BRDA:445,83,0,0
BRDA:445,83,1,0
BRDA:445,84,0,0
BRDA:445,84,1,0
BRDA:445,84,2,0
BRDA:448,85,0,0
BRDA:448,85,1,0
BRDA:448,86,0,0
BRDA:448,86,1,0
BRDA:448,86,2,0
BRDA:451,87,0,0
BRDA:451,87,1,0
BRDA:451,88,0,0
BRDA:451,88,1,0
BRDA:451,88,2,0
BRDA:457,89,0,0
BRDA:457,89,1,0
BRDA:461,90,0,0
BRDA:461,90,1,0
BRDA:474,91,0,0
BRDA:474,91,1,0
BRDA:478,92,0,0
BRDA:478,92,1,0
BRDA:478,93,0,0
BRDA:478,93,1,0
BRDA:478,93,2,0
BRDA:481,94,0,0
BRDA:481,94,1,0
BRDA:481,95,0,0
BRDA:481,95,1,0
BRDA:481,95,2,0
BRDA:484,96,0,0
BRDA:484,96,1,0
BRDA:484,97,0,0
BRDA:484,97,1,0
BRDA:484,97,2,0
BRDA:490,98,0,0
BRDA:490,98,1,0
BRDA:494,99,0,0
BRDA:494,99,1,0
BRF:226
BRH:0
end_of_record
TN:
SF:controllers\analyticsController.js
FN:6,(anonymous_0)
FN:28,(anonymous_1)
FN:37,(anonymous_2)
FN:46,(anonymous_3)
FNF:4
FNH:1
FNDA:1,(anonymous_0)
FNDA:0,(anonymous_1)
FNDA:0,(anonymous_2)
FNDA:0,(anonymous_3)
DA:1,2
DA:2,2
DA:3,2
DA:7,1
DA:8,1
DA:9,1
DA:10,1
DA:11,0
DA:15,1
DA:16,0
DA:18,1
DA:21,1
DA:22,1
DA:24,0
DA:29,0
DA:30,0
DA:31,0
DA:33,0
DA:38,0
DA:39,0
DA:40,0
DA:42,0
DA:47,0
DA:48,0
DA:49,0
DA:50,0
DA:52,0
DA:57,2
LF:28
LH:12
BRDA:10,0,0,0
BRDA:10,0,1,1
BRDA:15,1,0,0
BRDA:15,1,1,1
BRDA:48,2,0,0
BRDA:48,2,1,0
BRF:6
BRH:2
end_of_record
TN:
SF:controllers\authController.js
FN:8,(anonymous_0)
FN:23,(anonymous_1)
FN:36,(anonymous_2)
FN:51,(anonymous_3)
FN:60,(anonymous_4)
FN:69,(anonymous_5)
FN:74,(anonymous_6)
FN:97,(anonymous_7)
FNF:8
FNH:1
FNDA:3,(anonymous_0)
FNDA:0,(anonymous_1)
FNDA:0,(anonymous_2)
FNDA:0,(anonymous_3)
FNDA:0,(anonymous_4)
FNDA:0,(anonymous_5)
FNDA:0,(anonymous_6)
FNDA:0,(anonymous_7)
DA:1,2
DA:2,2
DA:3,2
DA:4,2
DA:5,2
DA:9,3
DA:10,3
DA:11,3
DA:12,3
DA:13,0
DA:16,3
DA:17,2
DA:19,1
DA:24,0
DA:25,0
DA:26,0
DA:27,0
DA:29,0
DA:30,0
DA:32,0
DA:37,0
DA:38,0
DA:39,0
DA:40,0
DA:41,0
DA:44,0
DA:45,0
DA:47,0
DA:52,0
DA:53,0
DA:54,0
DA:56,0
DA:61,0
DA:62,0
DA:63,0
DA:65,0
DA:70,0
DA:71,0
DA:72,0
DA:74,0
DA:75,0
DA:76,0
DA:80,0
DA:81,0
DA:82,0
DA:85,0
DA:91,0
DA:93,0
DA:98,0
DA:99,0
DA:100,0
DA:101,0
DA:104,0
DA:105,0
DA:107,0
DA:112,2
LF:56
LH:13
BRDA:12,0,0,0
BRDA:12,0,1,3
BRDA:26,1,0,0
BRDA:26,1,1,0
BRDA:40,2,0,0
BRDA:40,2,1,0
BRDA:75,3,0,0
BRDA:75,3,1,0
BRDA:81,4,0,0
BRDA:81,4,1,0
BRDA:100,5,0,0
BRDA:100,5,1,0
BRF:12
BRH:1
end_of_record
TN:
SF:controllers\documentController.js
FN:7,(anonymous_0)
FN:82,(anonymous_1)
FN:103,(anonymous_2)
FN:150,(anonymous_3)
FN:167,(anonymous_4)
FN:192,(anonymous_5)
FN:212,(anonymous_6)
FN:230,(anonymous_7)
FNF:8
FNH:2
FNDA:0,(anonymous_0)
FNDA:0,(anonymous_1)
FNDA:1,(anonymous_2)
FNDA:1,(anonymous_3)
FNDA:0,(anonymous_4)
FNDA:0,(anonymous_5)
FNDA:0,(anonymous_6)
FNDA:0,(anonymous_7)
DA:1,2
DA:2,2
DA:3,2
DA:4,2
DA:8,0
DA:9,0
DA:11,0
DA:12,0
DA:15,0
DA:16,0
DA:17,0
DA:18,0
DA:19,0
DA:21,0
DA:22,0
DA:23,0
DA:24,0
DA:27,0
DA:28,0
DA:33,0
DA:34,0
DA:37,0
DA:38,0
DA:39,0
DA:40,0
DA:41,0
DA:43,0
DA:47,0
DA:48,0
DA:49,0
DA:50,0
DA:51,0
DA:52,0
DA:53,0
DA:54,0
DA:62,0
DA:63,0
DA:64,0
DA:65,0
DA:66,0
DA:70,0
DA:75,0
DA:82,0
DA:95,0
DA:96,0
DA:97,0
DA:99,0
DA:104,1
DA:105,1
DA:106,1
DA:107,1
DA:108,1
DA:109,0
DA:112,1
DA:114,1
DA:115,1
DA:116,1
DA:117,1
DA:119,1
DA:120,1
DA:124,1
DA:125,0
DA:126,0
DA:129,0
DA:132,1
DA:133,1
DA:134,1
DA:136,1
DA:143,1
DA:144,1
DA:146,0
DA:151,1
DA:152,1
DA:153,1
DA:154,0
DA:157,1
DA:158,0
DA:161,1
DA:163,0
DA:168,0
DA:169,0
DA:170,0
DA:172,0
DA:173,0
DA:176,0
DA:177,0
DA:180,0
DA:181,0
DA:182,0
DA:183,0
DA:185,0
DA:186,0
DA:188,0
DA:193,0
DA:194,0
DA:196,0
DA:197,0
DA:200,0
DA:201,0
DA:204,0
DA:205,0
DA:206,0
DA:208,0
DA:213,0
DA:214,0
DA:216,0
DA:217,0
DA:220,0
DA:221,0
DA:224,0
DA:226,0
DA:231,0
DA:232,0
DA:234,0
DA:235,0
DA:238,0
DA:239,0
DA:242,0
DA:244,0
DA:249,2
LF:120
LH:29
BRDA:11,0,0,0
BRDA:11,0,1,0
BRDA:22,1,0,0
BRDA:22,1,1,0
BRDA:33,2,0,0
BRDA:33,2,1,0
BRDA:38,3,0,0
BRDA:38,3,1,0
BRDA:41,4,0,0
BRDA:41,4,1,0
BRDA:47,5,0,0
BRDA:47,5,1,0
BRDA:47,6,0,0
BRDA:47,6,1,0
BRDA:50,7,0,0
BRDA:50,7,1,0
BRDA:51,8,0,0
BRDA:51,8,1,0
BRDA:64,9,0,0
BRDA:64,9,1,0
BRDA:76,10,0,0
BRDA:76,10,1,0
BRDA:82,11,0,0
BRDA:82,11,1,0
BRDA:105,12,0,1
BRDA:105,13,0,1
BRDA:108,14,0,0
BRDA:108,14,1,1
BRDA:114,15,0,0
BRDA:114,15,1,1
BRDA:115,16,0,0
BRDA:115,16,1,1
BRDA:116,17,0,0
BRDA:116,17,1,1
BRDA:117,18,0,0
BRDA:117,18,1,1
BRDA:119,19,0,1
BRDA:119,19,1,0
BRDA:124,20,0,0
BRDA:124,20,1,1
BRDA:124,21,0,1
BRDA:124,21,1,0
BRDA:129,22,0,0
BRDA:129,22,1,0
BRDA:153,23,0,0
BRDA:153,23,1,1
BRDA:157,24,0,0
BRDA:157,24,1,1
BRDA:157,25,0,1
BRDA:157,25,1,1
BRDA:157,25,2,1
BRDA:172,26,0,0
BRDA:172,26,1,0
BRDA:176,27,0,0
BRDA:176,27,1,0
BRDA:176,28,0,0
BRDA:176,28,1,0
BRDA:180,29,0,0
BRDA:180,29,1,0
BRDA:181,30,0,0
BRDA:181,30,1,0
BRDA:182,31,0,0
BRDA:182,31,1,0
BRDA:183,32,0,0
BRDA:183,32,1,0
BRDA:196,33,0,0
BRDA:196,33,1,0
BRDA:200,34,0,0
BRDA:200,34,1,0
BRDA:200,35,0,0
BRDA:200,35,1,0
BRDA:216,36,0,0
BRDA:216,36,1,0
BRDA:220,37,0,0
BRDA:220,37,1,0
BRDA:220,38,0,0
BRDA:220,38,1,0
BRDA:220,38,2,0
BRDA:234,39,0,0
BRDA:234,39,1,0
BRDA:238,40,0,0
BRDA:238,40,1,0
BRDA:238,41,0,0
BRDA:238,41,1,0
BRDA:238,41,2,0
BRF:85
BRH:15
end_of_record
TN:
SF:controllers\googleAuthController.js
FN:8,(anonymous_0)
FNF:1
FNH:0
FNDA:0,(anonymous_0)
DA:1,2
DA:2,2
DA:3,2
DA:4,2
DA:5,2
DA:9,0
DA:10,0
DA:11,0
DA:12,0
DA:13,0
DA:14,0
DA:17,0
DA:18,0
DA:19,0
DA:20,0
DA:21,0
DA:23,0
DA:24,0
DA:26,0
DA:27,0
DA:35,0
DA:39,0
DA:40,0
DA:42,0
DA:43,0
DA:48,2
LF:26
LH:6
BRDA:10,0,0,0
BRDA:10,0,1,0
BRDA:13,1,0,0
BRDA:13,1,1,0
BRDA:20,2,0,0
BRDA:20,2,1,0
BRDA:24,3,0,0
BRDA:24,3,1,0
BRF:8
BRH:0
end_of_record
TN:
SF:controllers\userController.js
FN:5,(anonymous_0)
FN:17,(anonymous_1)
FN:36,(anonymous_2)
FN:48,(anonymous_3)
FNF:4
FNH:0
FNDA:0,(anonymous_0)
FNDA:0,(anonymous_1)
FNDA:0,(anonymous_2)
FNDA:0,(anonymous_3)
DA:1,2
DA:2,2
DA:6,0
DA:7,0
DA:8,0
DA:9,0
DA:11,0
DA:13,0
DA:18,0
DA:19,0
DA:20,0
DA:21,0
DA:22,0
DA:23,0
DA:24,0
DA:26,0
DA:27,0
DA:28,0
DA:30,0
DA:32,0
DA:37,0
DA:38,0
DA:39,0
DA:40,0
DA:42,0
DA:44,0
DA:49,0
DA:50,0
DA:51,0
DA:53,0
DA:54,0
DA:55,0
DA:56,0
DA:57,0
DA:63,0
DA:64,0
DA:65,0
DA:67,0
DA:74,0
DA:79,2
LF:40
LH:3
BRDA:8,0,0,0
BRDA:8,0,1,0
BRDA:21,1,0,0
BRDA:21,1,1,0
BRDA:22,2,0,0
BRDA:22,2,1,0
BRDA:23,3,0,0
BRDA:23,3,1,0
BRDA:24,4,0,0
BRDA:24,4,1,0
BRDA:27,5,0,0
BRDA:27,5,1,0
BRDA:39,6,0,0
BRDA:39,6,1,0
BRDA:50,7,0,0
BRDA:50,8,0,0
BRDA:53,9,0,0
BRDA:53,9,1,0
BRDA:54,10,0,0
BRDA:54,10,1,0
BRDA:55,11,0,0
BRDA:55,11,1,0
BRDA:56,12,0,0
BRDA:56,12,1,0
BRF:24
BRH:0
end_of_record
TN:
SF:middleware\auth.js
FN:11,(anonymous_0)
FN:62,(anonymous_1)
FNF:2
FNH:1
FNDA:5,(anonymous_0)
FNDA:0,(anonymous_1)
DA:1,2
DA:2,2
DA:3,2
DA:4,2
DA:11,2
DA:12,5
DA:13,5
DA:16,5
DA:17,5
DA:18,5
DA:21,5
DA:22,0
DA:27,5
DA:28,5
DA:30,0
DA:31,0
DA:33,0
DA:34,0
DA:36,0
DA:40,5
DA:41,5
DA:42,0
DA:46,5
DA:47,0
DA:51,5
DA:52,5
DA:54,0
DA:62,2
DA:63,0
DA:64,0
DA:65,0
DA:66,0
DA:69,0
DA:70,0
DA:71,0
DA:73,0
DA:74,0
DA:77,0
DA:80,0
DA:84,2
LF:40
LH:20
BRDA:17,0,0,5
BRDA:17,0,1,0
BRDA:17,1,0,5
BRDA:17,1,1,5
BRDA:21,2,0,0
BRDA:21,2,1,5
BRDA:30,3,0,0
BRDA:30,3,1,0
BRDA:33,4,0,0
BRDA:33,4,1,0
BRDA:41,5,0,0
BRDA:41,5,1,5
BRDA:46,6,0,0
BRDA:46,6,1,5
BRDA:65,7,0,0
BRDA:65,7,1,0
BRDA:65,8,0,0
BRDA:65,8,1,0
BRDA:73,9,0,0
BRDA:73,9,1,0
BRDA:73,10,0,0
BRDA:73,10,1,0
BRF:22
BRH:6
end_of_record
TN:
SF:middleware\errorHandler.js
FN:7,(anonymous_0)
FN:21,(anonymous_1)
FN:71,(anonymous_2)
FNF:3
FNH:1
FNDA:1,(anonymous_0)
FNDA:0,(anonymous_1)
FNDA:0,(anonymous_2)
DA:1,2
DA:7,2
DA:9,1
DA:10,1
DA:11,1
DA:14,1
DA:19,1
DA:20,0
DA:21,0
DA:22,0
DA:26,1
DA:27,0
DA:28,0
DA:29,0
DA:33,1
DA:34,0
DA:35,0
DA:39,1
DA:40,0
DA:41,0
DA:44,1
DA:45,0
DA:46,0
DA:50,1
DA:51,0
DA:52,0
DA:56,1
DA:57,0
DA:60,1
DA:71,2
DA:72,0
DA:78,2
LF:32
LH:16
BRDA:9,0,0,1
BRDA:9,0,1,0
BRDA:10,1,0,1
BRDA:10,1,1,0
BRDA:19,2,0,0
BRDA:19,2,1,1
BRDA:26,3,0,0
BRDA:26,3,1,1
BRDA:33,4,0,0
BRDA:33,4,1,1
BRDA:39,5,0,0
BRDA:39,5,1,1
BRDA:44,6,0,0
BRDA:44,6,1,1
BRDA:50,7,0,0
BRDA:50,7,1,1
BRDA:56,8,0,0
BRDA:56,8,1,1
BRF:18
BRH:9
end_of_record
TN:
SF:middleware\role.js
FN:1,(anonymous_0)
FN:2,(anonymous_1)
FNF:2
FNH:2
FNDA:10,(anonymous_0)
FNDA:2,(anonymous_1)
DA:1,2
DA:2,10
DA:3,2
DA:4,0
DA:6,2
DA:7,0
DA:9,2
DA:13,2
DA:14,2
DA:15,2
DA:17,2
LF:11
LH:9
BRDA:3,0,0,0
BRDA:3,0,1,2
BRDA:6,1,0,0
BRDA:6,1,1,2
BRDA:6,2,0,2
BRDA:6,2,1,2
BRF:6
BRH:4
end_of_record
TN:
SF:middleware\upload.js
FN:3,(anonymous_0)
FN:4,(anonymous_1)
FNF:2
FNH:0
FNDA:0,(anonymous_0)
FNDA:0,(anonymous_1)
DA:1,2
DA:3,2
DA:4,0
DA:5,0
DA:6,0
DA:7,0
DA:9,0
DA:11,0
DA:15,2
LF:9
LH:3
BRDA:5,0,0,0
BRDA:5,0,1,0
BRDA:6,1,0,0
BRDA:6,1,1,0
BRDA:9,2,0,0
BRDA:9,2,1,0
BRF:6
BRH:0
end_of_record
TN:
SF:models\Activity.js
FNF:0
FNH:0
DA:1,2
DA:3,2
DA:21,2
DA:22,2
DA:23,2
DA:25,2
LF:6
LH:6
BRF:0
BRH:0
end_of_record
TN:
SF:models\Chat.js
FNF:0
FNH:0
DA:1,2
DA:3,2
DA:15,2
DA:17,2
LF:4
LH:4
BRF:0
BRH:0
end_of_record
TN:
SF:models\Document.js
FNF:0
FNH:0
DA:1,2
DA:3,2
DA:31,2
DA:32,2
DA:33,2
DA:35,2
LF:6
LH:6
BRF:0
BRH:0
end_of_record
TN:
SF:models\FlashcardSet.js
FNF:0
FNH:0
DA:1,2
DA:3,2
DA:8,2
DA:19,2
DA:21,2
LF:5
LH:5
BRF:0
BRH:0
end_of_record
TN:
SF:models\Notification.js
FNF:0
FNH:0
DA:1,2
DA:3,2
DA:20,2
DA:21,2
DA:23,2
LF:5
LH:5
BRF:0
BRH:0
end_of_record
TN:
SF:models\Quiz.js
FNF:0
FNH:0
DA:1,1
DA:3,1
DA:11,1
DA:27,1
DA:29,1
LF:5
LH:5
BRF:0
BRH:0
end_of_record
TN:
SF:models\Summary.js
FN:15,(anonymous_0)
FNF:1
FNH:1
FNDA:1,(anonymous_0)
DA:1,2
DA:3,2
DA:15,2
DA:16,1
DA:17,1
DA:19,1
DA:22,2
DA:24,2
LF:8
LH:8
BRDA:16,0,0,1
BRDA:16,0,1,0
BRDA:16,1,0,1
BRDA:16,1,1,1
BRF:4
BRH:3
end_of_record
TN:
SF:models\User.js
FN:23,(anonymous_0)
FN:34,(anonymous_1)
FN:38,(anonymous_2)
FNF:3
FNH:1
FNDA:20,(anonymous_0)
FNDA:0,(anonymous_1)
FNDA:0,(anonymous_2)
DA:1,2
DA:2,2
DA:4,2
DA:23,2
DA:24,20
DA:25,18
DA:26,18
DA:27,18
DA:28,18
DA:30,0
DA:34,2
DA:35,0
DA:38,2
DA:39,0
DA:40,0
DA:41,0
DA:42,0
DA:45,2
LF:18
LH:12
BRDA:24,0,0,2
BRDA:24,0,1,18
BRF:2
BRH:2
end_of_record
TN:
SF:routes\adminRoutes.js
FNF:0
FNH:0
DA:1,2
DA:2,2
DA:3,2
DA:4,2
DA:5,2
DA:7,2
DA:8,2
DA:10,2
DA:11,2
DA:12,2
DA:13,2
DA:14,2
DA:15,2
DA:16,2
DA:18,2
LF:15
LH:15
BRF:0
BRH:0
end_of_record
TN:
SF:routes\aiRoutes.js
FNF:0
FNH:0
DA:1,2
DA:2,2
DA:3,2
DA:4,2
DA:5,2
DA:7,2
DA:9,2
DA:10,2
DA:11,2
DA:12,2
DA:13,2
DA:14,2
DA:15,2
DA:16,2
DA:17,2
DA:18,2
DA:19,2
DA:21,2
LF:18
LH:18
BRF:0
BRH:0
end_of_record
TN:
SF:routes\analyticsRoutes.js
FNF:0
FNH:0
DA:1,2
DA:2,2
DA:3,2
DA:4,2
DA:6,2
DA:8,2
DA:9,2
DA:10,2
DA:11,2
DA:13,2
LF:10
LH:10
BRF:0
BRH:0
end_of_record
TN:
SF:routes\authRoutes.js
FNF:0
FNH:0
DA:1,2
DA:2,2
DA:3,2
DA:4,2
DA:5,2
DA:7,2
DA:8,2
DA:9,2
DA:10,2
DA:11,2
DA:13,2
DA:14,2
DA:15,2
DA:17,2
LF:14
LH:14
BRF:0
BRH:0
end_of_record
TN:
SF:routes\documentRoutes.js
FNF:0
FNH:0
DA:1,2
DA:2,2
DA:3,2
DA:4,2
DA:5,2
DA:7,2
DA:9,2
DA:10,2
DA:11,2
DA:12,2
DA:13,2
DA:14,2
DA:15,2
DA:17,2
LF:14
LH:14
BRF:0
BRH:0
end_of_record
TN:
SF:routes\userRoutes.js
FNF:0
FNH:0
DA:1,2
DA:2,2
DA:3,2
DA:4,2
DA:5,2
DA:7,2
DA:9,2
DA:10,2
DA:11,2
DA:12,2
DA:14,2
LF:11
LH:11
BRF:0
BRH:0
end_of_record
TN:
SF:services\aiService.js
FN:20,(anonymous_0)
FN:25,callPythonService
FN:42,(anonymous_2)
FN:46,(anonymous_3)
FN:52,(anonymous_4)
FN:56,(anonymous_5)
FN:60,(anonymous_6)
FN:68,(anonymous_7)
FN:72,(anonymous_8)
FN:77,(anonymous_9)
FN:82,(anonymous_10)
FN:88,(anonymous_11)
FN:92,(anonymous_12)
FN:96,(anonymous_13)
FN:100,(anonymous_14)
FN:104,(anonymous_15)
FNF:16
FNH:0
FNDA:0,(anonymous_0)
FNDA:0,callPythonService
FNDA:0,(anonymous_2)
FNDA:0,(anonymous_3)
FNDA:0,(anonymous_4)
FNDA:0,(anonymous_5)
FNDA:0,(anonymous_6)
FNDA:0,(anonymous_7)
FNDA:0,(anonymous_8)
FNDA:0,(anonymous_9)
FNDA:0,(anonymous_10)
FNDA:0,(anonymous_11)
FNDA:0,(anonymous_12)
FNDA:0,(anonymous_13)
FNDA:0,(anonymous_14)
FNDA:0,(anonymous_15)
DA:1,2
DA:2,2
DA:3,2
DA:4,2
DA:6,2
DA:8,2
DA:17,2
DA:21,0
DA:26,0
DA:27,0
DA:28,0
DA:30,0
DA:31,0
DA:33,0
DA:35,0
DA:36,0
DA:37,0
DA:43,0
DA:47,0
DA:48,0
DA:49,0
DA:53,0
DA:57,0
DA:61,0
DA:62,0
DA:69,0
DA:73,0
DA:74,0
DA:78,0
DA:79,0
DA:83,0
DA:84,0
DA:85,0
DA:89,0
DA:93,0
DA:97,0
DA:101,0
DA:105,0
DA:109,2
LF:39
LH:8
BRDA:6,0,0,2
BRDA:6,0,1,0
BRDA:6,0,2,0
BRDA:21,1,0,0
BRDA:21,1,1,0
BRDA:30,2,0,0
BRDA:30,2,1,0
BRDA:30,3,0,0
BRDA:30,3,1,0
BRDA:31,4,0,0
BRDA:31,4,1,0
BRDA:33,5,0,0
BRDA:33,5,1,0
BRDA:47,6,0,0
BRDA:47,6,1,0
BRDA:47,7,0,0
BRDA:47,7,1,0
BRDA:49,8,0,0
BRDA:49,8,1,0
BRDA:60,9,0,0
BRDA:63,10,0,0
BRDA:63,10,1,0
BRDA:63,10,2,0
BRDA:64,11,0,0
BRDA:64,11,1,0
BRDA:72,12,0,0
BRDA:73,13,0,0
BRDA:77,14,0,0
BRDA:78,15,0,0
BRDA:82,16,0,0
BRDA:83,17,0,0
BRDA:83,18,0,0
BRDA:85,19,0,0
BRDA:85,19,1,0
BRDA:85,19,2,0
BRDA:100,20,0,0
BRF:36
BRH:1
end_of_record
TN:
SF:services\analyticsService.js
FN:10,(anonymous_0)
FN:30,(anonymous_1)
FN:44,(anonymous_2)
FN:50,(anonymous_3)
FN:64,(anonymous_4)
FN:79,(anonymous_5)
FNF:6
FNH:1
FNDA:1,(anonymous_0)
FNDA:0,(anonymous_1)
FNDA:0,(anonymous_2)
FNDA:0,(anonymous_3)
FNDA:0,(anonymous_4)
FNDA:0,(anonymous_5)
DA:1,2
DA:2,2
DA:3,2
DA:4,2
DA:5,2
DA:6,2
DA:7,2
DA:11,1
DA:12,1
DA:13,1
DA:14,1
DA:16,1
DA:21,1
DA:31,0
DA:32,0
DA:33,0
DA:34,0
DA:36,0
DA:45,0
DA:51,0
DA:52,0
DA:61,0
DA:65,0
DA:66,0
DA:76,0
DA:80,0
DA:81,0
DA:82,0
DA:84,0
DA:97,0
DA:101,2
LF:31
LH:14
BRDA:44,0,0,0
BRDA:51,1,0,0
BRDA:51,1,1,0
BRDA:65,2,0,0
BRDA:65,2,1,0
BRDA:79,3,0,0
BRDA:82,4,0,0
BRDA:82,4,1,0
BRF:8
BRH:0
end_of_record
TN:
SF:services\authService.js
FN:14,(anonymous_0)
FN:40,(anonymous_1)
FN:61,(anonymous_2)
FN:75,(anonymous_3)
FN:85,(anonymous_4)
FN:102,(anonymous_5)
FN:116,(anonymous_6)
FN:126,(anonymous_7)
FNF:8
FNH:3
FNDA:3,(anonymous_0)
FNDA:0,(anonymous_1)
FNDA:0,(anonymous_2)
FNDA:0,(anonymous_3)
FNDA:0,(anonymous_4)
FNDA:0,(anonymous_5)
FNDA:2,(anonymous_6)
FNDA:2,(anonymous_7)
DA:1,2
DA:2,2
DA:3,2
DA:4,2
DA:5,2
DA:6,2
DA:8,2
DA:9,2
DA:10,2
DA:11,2
DA:15,3
DA:16,3
DA:17,3
DA:18,1
DA:19,1
DA:20,1
DA:23,2
DA:33,2
DA:35,2
DA:37,2
DA:41,0
DA:42,0
DA:43,0
DA:44,0
DA:45,0
DA:46,0
DA:49,0
DA:50,0
DA:51,0
DA:52,0
DA:53,0
DA:56,0
DA:58,0
DA:62,0
DA:63,0
DA:64,0
DA:65,0
DA:67,0
DA:69,0
DA:70,0
DA:71,0
DA:76,0
DA:77,0
DA:78,0
DA:79,0
DA:80,0
DA:82,0
DA:86,0
DA:87,0
DA:88,0
DA:89,0
DA:90,0
DA:93,0
DA:94,0
DA:95,0
DA:97,0
DA:99,0
DA:103,0
DA:104,0
DA:105,0
DA:106,0
DA:107,0
DA:110,0
DA:111,0
DA:113,0
DA:117,2
DA:118,2
DA:120,2
DA:121,2
DA:123,2
DA:127,2
DA:128,2
DA:135,0
DA:140,2
LF:74
LH:28
BRDA:8,0,0,2
BRDA:8,0,1,0
BRDA:8,0,2,0
BRDA:9,1,0,2
BRDA:9,1,1,0
BRDA:9,1,2,0
BRDA:10,2,0,2
BRDA:10,2,1,0
BRDA:10,2,2,0
BRDA:11,3,0,2
BRDA:11,3,1,0
BRDA:11,3,2,0
BRDA:17,4,0,1
BRDA:17,4,1,2
BRDA:43,5,0,0
BRDA:43,5,1,0
BRDA:50,6,0,0
BRDA:50,6,1,0
BRDA:65,7,0,0
BRDA:65,7,1,0
BRDA:65,8,0,0
BRDA:65,8,1,0
BRDA:77,9,0,0
BRDA:77,9,1,0
BRDA:87,10,0,0
BRDA:87,10,1,0
BRDA:104,11,0,0
BRDA:104,11,1,0
BRF:28
BRH:6
end_of_record
TN:
SF:services\notificationService.js
FN:4,(anonymous_0)
FN:17,(anonymous_1)
FN:41,(anonymous_2)
FN:49,(anonymous_3)
FN:56,(anonymous_4)
FN:60,(anonymous_5)
FNF:6
FNH:1
FNDA:2,(anonymous_0)
FNDA:0,(anonymous_1)
FNDA:0,(anonymous_2)
FNDA:0,(anonymous_3)
FNDA:0,(anonymous_4)
FNDA:0,(anonymous_5)
DA:1,2
DA:5,2
DA:14,2
DA:18,0
DA:19,0
DA:20,0
DA:21,0
DA:24,0
DA:26,0
DA:31,0
DA:33,0
DA:42,0
DA:50,0
DA:57,0
DA:61,0
DA:65,2
LF:16
LH:4
BRDA:17,0,0,0
BRDA:18,1,0,0
BRDA:18,2,0,0
BRDA:18,3,0,0
BRDA:20,4,0,0
BRDA:20,4,1,0
BRF:6
BRH:0
end_of_record
TN:
SF:utils\cache.js
FN:8,generateCacheKey
FN:17,getCache
FN:37,setCache
FN:53,deleteCache
FN:67,flushPattern
FNF:5
FNH:2
FNDA:0,generateCacheKey
FNDA:2,getCache
FNDA:2,setCache
FNDA:0,deleteCache
FNDA:0,flushPattern
DA:1,2
DA:2,2
DA:3,2
DA:9,0
DA:10,0
DA:11,0
DA:18,2
DA:19,2
DA:20,2
DA:22,0
DA:23,0
DA:25,0
DA:26,0
DA:28,0
DA:30,0
DA:38,2
DA:39,2
DA:40,2
DA:42,0
DA:43,0
DA:44,0
DA:46,0
DA:54,0
DA:55,0
DA:56,0
DA:57,0
DA:58,0
DA:60,0
DA:68,0
DA:69,0
DA:70,0
DA:72,0
DA:73,0
DA:74,0
DA:76,0
DA:78,0
DA:82,2
LF:37
LH:10
BRDA:9,0,0,0
BRDA:9,0,1,0
BRDA:20,1,0,2
BRDA:20,1,1,0
BRDA:23,2,0,0
BRDA:23,2,1,0
BRDA:25,3,0,0
BRDA:25,3,1,0
BRDA:25,4,0,0
BRDA:25,4,1,0
BRDA:37,5,0,0
BRDA:40,6,0,2
BRDA:40,6,1,0
BRDA:40,7,0,2
BRDA:40,7,1,0
BRDA:56,8,0,0
BRDA:56,8,1,0
BRDA:70,9,0,0
BRDA:70,9,1,0
BRDA:73,10,0,0
BRDA:73,10,1,0
BRDA:73,11,0,0
BRDA:73,11,1,0
BRF:23
BRH:3
end_of_record
TN:
SF:utils\email.js
FN:3,(anonymous_0)
FNF:1
FNH:0
FNDA:0,(anonymous_0)
DA:1,2
DA:3,2
DA:4,0
DA:5,0
DA:8,0
DA:17,0
DA:25,0
DA:28,2
LF:8
LH:3
BRDA:4,0,0,0
BRDA:4,0,1,0
BRDA:9,1,0,0
BRDA:9,1,1,0
BRDA:10,2,0,0
BRDA:10,2,1,0
BRDA:12,3,0,0
BRDA:12,3,1,0
BRDA:13,4,0,0
BRDA:13,4,1,0
BRDA:22,5,0,0
BRDA:22,5,1,0
BRF:12
BRH:0
end_of_record
TN:
SF:utils\helpers.js
FN:1,(anonymous_0)
FN:10,(anonymous_1)
FN:15,(anonymous_2)
FN:23,(anonymous_3)
FN:27,(anonymous_4)
FN:34,(anonymous_5)
FN:39,(anonymous_6)
FNF:7
FNH:0
FNDA:0,(anonymous_0)
FNDA:0,(anonymous_1)
FNDA:0,(anonymous_2)
FNDA:0,(anonymous_3)
FNDA:0,(anonymous_4)
FNDA:0,(anonymous_5)
FNDA:0,(anonymous_6)
DA:1,2
DA:2,0
DA:10,2
DA:11,0
DA:12,0
DA:15,2
DA:16,0
DA:17,0
DA:18,0
DA:19,0
DA:20,0
DA:23,2
DA:24,0
DA:27,2
DA:28,0
DA:29,0
DA:30,0
DA:31,0
DA:34,2
DA:35,0
DA:36,0
DA:39,2
DA:40,0
DA:41,0
DA:44,2
LF:25
LH:8
BRDA:11,0,0,0
BRDA:11,0,1,0
BRDA:11,1,0,0
BRDA:11,1,1,0
BRDA:16,2,0,0
BRDA:16,2,1,0
BRDA:29,3,0,0
BRDA:29,3,1,0
BRDA:34,4,0,0
BRDA:34,5,0,0
BRDA:40,6,0,0
BRDA:40,6,1,0
BRF:12
BRH:0
end_of_record
TN:
SF:utils\logger.js
FN:7,(anonymous_0)
FNF:1
FNH:1
FNDA:18,(anonymous_0)
DA:1,2
DA:2,2
DA:4,2
DA:7,2
DA:8,18
DA:12,2
DA:44,2
LF:7
LH:7
BRDA:8,0,0,18
BRDA:8,0,1,16
BRDA:13,1,0,0
BRDA:13,1,1,2
BRF:4
BRH:3
end_of_record
TN:
SF:utils\response.js
FN:13,(anonymous_0)
FN:38,(anonymous_1)
FNF:2
FNH:1
FNDA:7,(anonymous_0)
FNDA:0,(anonymous_1)
DA:13,2
DA:14,7
DA:16,7
DA:17,0
DA:18,0
DA:19,0
DA:20,7
DA:21,7
DA:22,7
DA:23,7
DA:26,7
DA:31,7
DA:32,7
DA:35,7
DA:38,2
DA:39,0
DA:41,0
DA:42,0
DA:43,0
DA:44,0
DA:45,0
DA:46,0
DA:47,0
DA:48,0
DA:51,0
DA:56,0
DA:57,0
DA:60,0
DA:63,2
LF:29
LH:13
BRDA:16,0,0,0
BRDA:16,0,1,7
BRDA:18,1,0,0
BRDA:18,1,1,0
BRDA:19,2,0,0
BRDA:19,2,1,0
BRDA:20,3,0,7
BRDA:20,3,1,0
BRDA:22,4,0,7
BRDA:22,4,1,0
BRDA:23,5,0,7
BRDA:23,5,1,0
BRDA:31,6,0,7
BRDA:31,6,1,0
BRDA:31,7,0,7
BRDA:31,7,1,7
BRDA:41,8,0,0
BRDA:41,8,1,0
BRDA:43,9,0,0
BRDA:43,9,1,0
BRDA:44,10,0,0
BRDA:44,10,1,0
BRDA:45,11,0,0
BRDA:45,11,1,0
BRDA:47,12,0,0
BRDA:47,12,1,0
BRDA:47,13,0,0
BRDA:47,13,1,0
BRDA:48,14,0,0
BRDA:48,14,1,0
BRDA:56,15,0,0
BRDA:56,15,1,0
BRDA:56,16,0,0
BRDA:56,16,1,0
BRDA:57,17,0,0
BRDA:57,17,1,0
BRF:36
BRH:7
end_of_record
TN:
SF:utils\validator.js
FN:11,(anonymous_0)
FN:22,(anonymous_1)
FN:34,(anonymous_2)
FN:43,(anonymous_3)
FN:54,(anonymous_4)
FN:55,(anonymous_5)
FN:68,(anonymous_6)
FNF:7
FNH:2
FNDA:0,(anonymous_0)
FNDA:0,(anonymous_1)
FNDA:0,(anonymous_2)
FNDA:0,(anonymous_3)
FNDA:3,(anonymous_4)
FNDA:9,(anonymous_5)
FNDA:0,(anonymous_6)
DA:11,2
DA:12,0
DA:13,0
DA:22,2
DA:23,0
DA:24,0
DA:25,0
DA:26,0
DA:34,2
DA:35,0
DA:43,2
DA:44,0
DA:54,2
DA:55,3
DA:56,9
DA:57,9
DA:58,9
DA:59,9
DA:68,2
DA:69,0
DA:70,0
DA:77,2
LF:22
LH:12
BRDA:23,0,0,0
BRDA:23,0,1,0
BRDA:23,1,0,0
BRDA:23,1,1,0
BRDA:26,2,0,0
BRDA:26,2,1,0
BRDA:35,3,0,0
BRDA:35,3,1,0
BRDA:57,4,0,0
BRDA:57,4,1,9
BRDA:57,5,0,9
BRDA:57,5,1,9
BRDA:58,6,0,0
BRDA:58,6,1,9
BRDA:58,7,0,9
BRDA:58,7,1,9
BRDA:69,8,0,0
BRDA:69,8,1,0
BRF:18
BRH:6
end_of_record
